<?xml version="1.0" encoding="UTF-8"?>
<robot generator="Robot 5.0.1 (Python 3.10.5 on win32)" generated="20220730 18:21:38.073" rpa="false" schemaversion="3">
<suite id="s1" name="Alerts" source="C:\Users\irfandy4hmad\PycharmProjects\robotFrameworkPython\TestCases\alerts.robot">
<test id="s1-t1" name="HandlingAlerts" line="7">
<kw name="Open Browser" library="SeleniumLibrary">
<arg>https://testautomationpractice.blogspot.com/</arg>
<arg>chrome</arg>
<doc>Opens a new browser instance to the optional ``url``.</doc>
<msg timestamp="20220730 18:21:38.458" level="INFO">Opening browser 'chrome' to base url 'https://testautomationpractice.blogspot.com/'.</msg>
<status status="PASS" starttime="20220730 18:21:38.457" endtime="20220730 18:21:45.025"/>
</kw>
<kw name="Click Element" library="SeleniumLibrary">
<arg>xpath://button[normalize-space()='Click Me']</arg>
<doc>Click the element identified by ``locator``.</doc>
<msg timestamp="20220730 18:21:45.030" level="INFO">Clicking element 'xpath://button[normalize-space()='Click Me']'.</msg>
<status status="PASS" starttime="20220730 18:21:45.029" endtime="20220730 18:21:45.098"/>
</kw>
<kw name="Sleep" library="BuiltIn">
<arg>2</arg>
<doc>Pauses the test executed for the given time.</doc>
<msg timestamp="20220730 18:21:47.103" level="INFO">Slept 2 seconds</msg>
<status status="PASS" starttime="20220730 18:21:45.099" endtime="20220730 18:21:47.103"/>
</kw>
<kw name="Alert Should Not Be Present" library="SeleniumLibrary">
<arg>Press a button!</arg>
<doc>Verifies that no alert is present.</doc>
<msg timestamp="20220730 18:21:47.120" level="WARN">Keyword 'Capture Page Screenshot' could not be run on failure: Alert Text: Press a button!
Message: unexpected alert open: {Alert text : Press a button!}
  (Session info: chrome=103.0.5060.134)
Stacktrace:
Backtrace:
	Ordinal0 [0x00C16463+2188387]
	Ordinal0 [0x00BAE461+1762401]
	Ordinal0 [0x00AC3D78+802168]
	Ordinal0 [0x00B1CA92+1165970]
	Ordinal0 [0x00B0C5F6+1099254]
	Ordinal0 [0x00AE6BE0+945120]
	Ordinal0 [0x00AE7AD6+948950]
	GetHandleVerifier [0x00EB71F2+2712546]
	GetHandleVerifier [0x00EA886D+2652765]
	GetHandleVerifier [0x00CA002A+520730]
	GetHandleVerifier [0x00C9EE06+516086]
	Ordinal0 [0x00BB468B+1787531]
	Ordinal0 [0x00BB8E88+1805960]
	Ordinal0 [0x00BB8F75+1806197]
	Ordinal0 [0x00BC1DF1+1842673]
	BaseThreadInitThunk [0x7683FA29+25]
	RtlGetAppContainerNamedObjectPath [0x773A7A9E+286]
	RtlGetAppContainerNamedObjectPath [0x773A7A6E+238]
</msg>
<msg timestamp="20220730 18:21:47.145" level="FAIL">ValueError: Invalid alert action 'PRESS A BUTTON!'.</msg>
<status status="FAIL" starttime="20220730 18:21:47.104" endtime="20220730 18:21:47.170"/>
</kw>
<status status="FAIL" starttime="20220730 18:21:38.456" endtime="20220730 18:21:47.171">ValueError: Invalid alert action 'PRESS A BUTTON!'.</status>
</test>
<status status="FAIL" starttime="20220730 18:21:38.076" endtime="20220730 18:21:47.174"/>
</suite>
<statistics>
<total>
<stat pass="0" fail="1" skip="0">All Tests</stat>
</total>
<tag>
</tag>
<suite>
<stat pass="0" fail="1" skip="0" id="s1" name="Alerts">Alerts</stat>
</suite>
</statistics>
<errors>
<msg timestamp="20220730 18:21:47.120" level="WARN">Keyword 'Capture Page Screenshot' could not be run on failure: Alert Text: Press a button!
Message: unexpected alert open: {Alert text : Press a button!}
  (Session info: chrome=103.0.5060.134)
Stacktrace:
Backtrace:
	Ordinal0 [0x00C16463+2188387]
	Ordinal0 [0x00BAE461+1762401]
	Ordinal0 [0x00AC3D78+802168]
	Ordinal0 [0x00B1CA92+1165970]
	Ordinal0 [0x00B0C5F6+1099254]
	Ordinal0 [0x00AE6BE0+945120]
	Ordinal0 [0x00AE7AD6+948950]
	GetHandleVerifier [0x00EB71F2+2712546]
	GetHandleVerifier [0x00EA886D+2652765]
	GetHandleVerifier [0x00CA002A+520730]
	GetHandleVerifier [0x00C9EE06+516086]
	Ordinal0 [0x00BB468B+1787531]
	Ordinal0 [0x00BB8E88+1805960]
	Ordinal0 [0x00BB8F75+1806197]
	Ordinal0 [0x00BC1DF1+1842673]
	BaseThreadInitThunk [0x7683FA29+25]
	RtlGetAppContainerNamedObjectPath [0x773A7A9E+286]
	RtlGetAppContainerNamedObjectPath [0x773A7A6E+238]
</msg>
</errors>
</robot>
