<?xml version="1.0" encoding="UTF-8"?>
<robot generator="Robot 5.0.1 (Python 3.10.5 on win32)" generated="20220806 12:39:15.280" rpa="false" schemaversion="3">
<suite id="s1" name="loginTest" source="C:\Users\irfandy4hmad\PycharmProjects\robotFrameworkPython\TestCases\loginTest.robot">
<test id="s1-t1" name="LoginTest" line="12">
<kw name="Open MyBrowser" library="LoginKeywords">
<arg>${url}</arg>
<arg>${browser}</arg>
<kw name="Open Browser" library="SeleniumLibrary">
<arg>${siteURL}</arg>
<arg>${browser}</arg>
<doc>Opens a new browser instance to the optional ``url``.</doc>
<msg timestamp="20220806 12:39:15.639" level="INFO">Opening browser 'chrome' to base url 'https://demo.nopcommerce.com/login'.</msg>
<status status="PASS" starttime="20220806 12:39:15.639" endtime="20220806 12:39:18.812"/>
</kw>
<kw name="Maximize Browser Window" library="SeleniumLibrary">
<doc>Maximizes current browser window.</doc>
<status status="PASS" starttime="20220806 12:39:18.812" endtime="20220806 12:39:18.940"/>
</kw>
<status status="PASS" starttime="20220806 12:39:15.638" endtime="20220806 12:39:18.941"/>
</kw>
<kw name="Enter Username" library="LoginKeywords">
<arg>${user}</arg>
<kw name="Input Text" library="SeleniumLibrary">
<arg>${txt_loginusername}</arg>
<arg>${username}</arg>
<doc>Types the given ``text`` into the text field identified by ``locator``.</doc>
<msg timestamp="20220806 12:39:18.942" level="INFO">Typing text 'johndoe12345@nopCommerce.com' into text field 'name:Email'.</msg>
<status status="PASS" starttime="20220806 12:39:18.942" endtime="20220806 12:39:19.114"/>
</kw>
<status status="PASS" starttime="20220806 12:39:18.941" endtime="20220806 12:39:19.114"/>
</kw>
<kw name="Enter Password" library="LoginKeywords">
<arg>${pwd}</arg>
<kw name="Input Text" library="SeleniumLibrary">
<arg>${txt_loginPassword}</arg>
<arg>${password}</arg>
<doc>Types the given ``text`` into the text field identified by ``locator``.</doc>
<msg timestamp="20220806 12:39:19.116" level="INFO">Typing text 'customer12345' into text field 'name:Password'.</msg>
<status status="PASS" starttime="20220806 12:39:19.115" endtime="20220806 12:39:19.230"/>
</kw>
<status status="PASS" starttime="20220806 12:39:19.115" endtime="20220806 12:39:19.230"/>
</kw>
<kw name="Click Login" library="LoginKeywords">
<kw name="Click Button" library="SeleniumLibrary">
<arg>${btn_login}</arg>
<doc>Clicks the button identified by ``locator``.</doc>
<msg timestamp="20220806 12:39:19.231" level="INFO">Clicking button 'xpath://button[normalize-space()='Log in']'.</msg>
<status status="PASS" starttime="20220806 12:39:19.231" endtime="20220806 12:39:20.223"/>
</kw>
<status status="PASS" starttime="20220806 12:39:19.231" endtime="20220806 12:39:20.223"/>
</kw>
<kw name="Verify Successful Login" library="LoginKeywords">
<kw name="Title Should Be" library="SeleniumLibrary">
<arg>nopCommerce demo store</arg>
<doc>Verifies that the current page title equals ``title``.</doc>
<msg timestamp="20220806 12:39:20.232" level="INFO">Page title is 'nopCommerce demo store'.</msg>
<status status="PASS" starttime="20220806 12:39:20.224" endtime="20220806 12:39:20.233"/>
</kw>
<status status="PASS" starttime="20220806 12:39:20.223" endtime="20220806 12:39:20.234"/>
</kw>
<kw name="Close MyBrowsers" library="LoginKeywords">
<kw name="Close All Browsers" library="SeleniumLibrary">
<doc>Closes all open browsers and resets the browser cache.</doc>
<status status="PASS" starttime="20220806 12:39:20.237" endtime="20220806 12:39:22.512"/>
</kw>
<status status="PASS" starttime="20220806 12:39:20.236" endtime="20220806 12:39:22.512"/>
</kw>
<status status="PASS" starttime="20220806 12:39:15.637" endtime="20220806 12:39:22.513"/>
</test>
<status status="PASS" starttime="20220806 12:39:15.283" endtime="20220806 12:39:22.517"/>
</suite>
<statistics>
<total>
<stat pass="1" fail="0" skip="0">All Tests</stat>
</total>
<tag>
</tag>
<suite>
<stat pass="1" fail="0" skip="0" id="s1" name="loginTest">loginTest</stat>
</suite>
</statistics>
<errors>
</errors>
</robot>
