<?xml version="1.0" encoding="UTF-8"?>
<robot generator="Robot 5.0.1 (Python 3.10.5 on win32)" generated="20220805 11:48:09.895" rpa="false" schemaversion="3">
<suite id="s1" name="captureScreenshot" source="C:\Users\irfandy4hmad\PycharmProjects\robotFrameworkPython\TestCases\captureScreenshot.robot">
<test id="s1-t1" name="HandlingAlerts" line="7">
<kw name="Open Browser" library="SeleniumLibrary">
<arg>https://opensource-demo.orangehrmlive.com/</arg>
<arg>chrome</arg>
<doc>Opens a new browser instance to the optional ``url``.</doc>
<msg timestamp="20220805 11:48:10.402" level="INFO">Opening browser 'chrome' to base url 'https://opensource-demo.orangehrmlive.com/'.</msg>
<status status="PASS" starttime="20220805 11:48:10.402" endtime="20220805 11:48:17.183"/>
</kw>
<kw name="Maximize Browser Window" library="SeleniumLibrary">
<doc>Maximizes current browser window.</doc>
<status status="PASS" starttime="20220805 11:48:17.184" endtime="20220805 11:48:17.324"/>
</kw>
<kw name="Input Text" library="SeleniumLibrary">
<arg>id:txtUsername</arg>
<arg>Admin</arg>
<doc>Types the given ``text`` into the text field identified by ``locator``.</doc>
<msg timestamp="20220805 11:48:17.325" level="INFO">Typing text 'Admin' into text field 'id:txtUsername'.</msg>
<status status="PASS" starttime="20220805 11:48:17.324" endtime="20220805 11:48:17.491"/>
</kw>
<kw name="Input Text" library="SeleniumLibrary">
<arg>id:txtPassword</arg>
<arg>admin123</arg>
<doc>Types the given ``text`` into the text field identified by ``locator``.</doc>
<msg timestamp="20220805 11:48:17.492" level="INFO">Typing text 'admin123' into text field 'id:txtPassword'.</msg>
<status status="PASS" starttime="20220805 11:48:17.491" endtime="20220805 11:48:17.592"/>
</kw>
<kw name="Capture Element Screenshot" library="SeleniumLibrary">
<arg>xpath://div[@id='divLogo']//img</arg>
<arg>logo.png</arg>
<doc>Captures a screenshot from the element identified by ``locator`` and embeds it into log file.</doc>
<msg timestamp="20220805 11:48:17.726" level="INFO" html="true">&lt;/td&gt;&lt;/tr&gt;&lt;tr&gt;&lt;td colspan="3"&gt;&lt;a href="logo.png"&gt;&lt;img src="logo.png" width="400px"&gt;&lt;/a&gt;</msg>
<status status="PASS" starttime="20220805 11:48:17.593" endtime="20220805 11:48:17.726"/>
</kw>
<kw name="Capture Page Screenshot" library="SeleniumLibrary">
<arg>loginTC.png</arg>
<doc>Takes a screenshot of the current page and embeds it into a log file.</doc>
<msg timestamp="20220805 11:48:17.921" level="INFO" html="true">&lt;/td&gt;&lt;/tr&gt;&lt;tr&gt;&lt;td colspan="3"&gt;&lt;a href="loginTC.png"&gt;&lt;img src="loginTC.png" width="800px"&gt;&lt;/a&gt;</msg>
<status status="PASS" starttime="20220805 11:48:17.727" endtime="20220805 11:48:17.921"/>
</kw>
<status status="PASS" starttime="20220805 11:48:10.401" endtime="20220805 11:48:17.921"/>
</test>
<status status="PASS" starttime="20220805 11:48:09.898" endtime="20220805 11:48:17.923"/>
</suite>
<statistics>
<total>
<stat pass="1" fail="0" skip="0">All Tests</stat>
</total>
<tag>
</tag>
<suite>
<stat pass="1" fail="0" skip="0" id="s1" name="captureScreenshot">captureScreenshot</stat>
</suite>
</statistics>
<errors>
</errors>
</robot>
