<?xml version="1.0" encoding="UTF-8"?>
<robot generator="Robot 5.0.1 (Python 3.10.5 on win32)" generated="20220805 14:59:23.796" rpa="false" schemaversion="3">
<suite id="s1" name="userKeywords" source="C:\Users\irfandy4hmad\PycharmProjects\robotFrameworkPython\TestCases\userKeywords.robot">
<test id="s1-t1" name="TC1" line="10">
<kw name="launchBrowser" library="resources">
<var>${pageTitle}</var>
<arg>${url}</arg>
<arg>${browser}</arg>
<kw name="Open Browser" library="SeleniumLibrary">
<arg>${appurl}</arg>
<arg>${appbrowser}</arg>
<doc>Opens a new browser instance to the optional ``url``.</doc>
<msg timestamp="20220805 14:59:24.155" level="INFO">Opening browser 'chrome' to base url 'https://opensource-demo.orangehrmlive.com/'.</msg>
<status status="PASS" starttime="20220805 14:59:24.154" endtime="20220805 14:59:29.828"/>
</kw>
<kw name="Maximize Browser Window" library="SeleniumLibrary">
<doc>Maximizes current browser window.</doc>
<status status="PASS" starttime="20220805 14:59:29.828" endtime="20220805 14:59:29.957"/>
</kw>
<kw name="Get Title" library="SeleniumLibrary">
<var>${title}</var>
<doc>Returns the title of the current page.</doc>
<msg timestamp="20220805 14:59:29.963" level="INFO">${title} = OrangeHRM</msg>
<status status="PASS" starttime="20220805 14:59:29.957" endtime="20220805 14:59:29.964"/>
</kw>
<msg timestamp="20220805 14:59:29.964" level="INFO">${pageTitle} = OrangeHRM</msg>
<status status="PASS" starttime="20220805 14:59:24.152" endtime="20220805 14:59:29.964"/>
</kw>
<kw name="Log To Console" library="BuiltIn">
<arg>${pageTitle}</arg>
<doc>Logs the given message to the console.</doc>
<status status="PASS" starttime="20220805 14:59:29.965" endtime="20220805 14:59:29.965"/>
</kw>
<kw name="Log" library="BuiltIn">
<arg>${pageTitle}</arg>
<doc>Logs the given message with the given level.</doc>
<msg timestamp="20220805 14:59:29.966" level="INFO">OrangeHRM</msg>
<status status="PASS" starttime="20220805 14:59:29.965" endtime="20220805 14:59:29.966"/>
</kw>
<kw name="Input Text" library="SeleniumLibrary">
<arg>id:txtUsername</arg>
<arg>Admin</arg>
<doc>Types the given ``text`` into the text field identified by ``locator``.</doc>
<msg timestamp="20220805 14:59:29.967" level="INFO">Typing text 'Admin' into text field 'id:txtUsername'.</msg>
<status status="PASS" starttime="20220805 14:59:29.966" endtime="20220805 14:59:30.140"/>
</kw>
<kw name="Input Text" library="SeleniumLibrary">
<arg>id:txtPassword</arg>
<arg>admin123</arg>
<doc>Types the given ``text`` into the text field identified by ``locator``.</doc>
<msg timestamp="20220805 14:59:30.141" level="INFO">Typing text 'admin123' into text field 'id:txtPassword'.</msg>
<status status="PASS" starttime="20220805 14:59:30.140" endtime="20220805 14:59:30.240"/>
</kw>
<kw name="Close Browser" library="SeleniumLibrary">
<doc>Closes the current browser.</doc>
<status status="PASS" starttime="20220805 14:59:30.240" endtime="20220805 14:59:32.500"/>
</kw>
<status status="PASS" starttime="20220805 14:59:24.151" endtime="20220805 14:59:32.502"/>
</test>
<status status="PASS" starttime="20220805 14:59:23.799" endtime="20220805 14:59:32.509"/>
</suite>
<statistics>
<total>
<stat pass="1" fail="0" skip="0">All Tests</stat>
</total>
<tag>
</tag>
<suite>
<stat pass="1" fail="0" skip="0" id="s1" name="userKeywords">userKeywords</stat>
</suite>
</statistics>
<errors>
</errors>
</robot>
