<?xml version="1.0" encoding="UTF-8"?>
<robot generator="Robot 5.0.1 (Python 3.10.5 on win32)" generated="20220729 18:07:36.846" rpa="false" schemaversion="3">
<suite id="s1" name="TC1" source="C:\Users\irfandy4hmad\PycharmProjects\robotFrameworkPython\TestCases\TC1.robot">
<test id="s1-t1" name="LoginTest" line="9">
<kw name="Open Browser" library="SeleniumLibrary">
<arg>${url}</arg>
<arg>${browser}</arg>
<doc>Opens a new browser instance to the optional ``url``.</doc>
<msg timestamp="20220729 18:07:37.278" level="INFO">Opening browser 'chrome' to base url 'https://demo.nopcommerce.com/'.</msg>
<status status="PASS" starttime="20220729 18:07:37.277" endtime="20220729 18:07:41.017"/>
</kw>
<kw name="loginToApplication">
<kw name="Click Link" library="SeleniumLibrary">
<arg>xpath://a[normalize-space()='Log in']</arg>
<doc>Clicks a link identified by ``locator``.</doc>
<msg timestamp="20220729 18:07:41.019" level="INFO">Clicking link 'xpath://a[normalize-space()='Log in']'.</msg>
<status status="PASS" starttime="20220729 18:07:41.018" endtime="20220729 18:07:41.640"/>
</kw>
<kw name="Input Text" library="SeleniumLibrary">
<arg>id:Email</arg>
<arg>abc12345@gmail.com</arg>
<doc>Types the given ``text`` into the text field identified by ``locator``.</doc>
<msg timestamp="20220729 18:07:41.644" level="INFO">Typing text 'abc12345@gmail.com' into text field 'id:Email'.</msg>
<status status="PASS" starttime="20220729 18:07:41.642" endtime="20220729 18:07:41.792"/>
</kw>
<kw name="Input Password" library="SeleniumLibrary">
<arg>id:Password</arg>
<arg>Test@12345</arg>
<doc>Types the given password into the text field identified by ``locator``.</doc>
<msg timestamp="20220729 18:07:41.792" level="INFO">Typing password into text field 'id:Password'.</msg>
<msg timestamp="20220729 18:07:41.848" level="INFO">Temporally setting log level to: NONE</msg>
<msg timestamp="20220729 18:07:41.939" level="INFO">Log level changed from NONE to INFO.</msg>
<status status="PASS" starttime="20220729 18:07:41.792" endtime="20220729 18:07:41.939"/>
</kw>
<kw name="Click Element" library="SeleniumLibrary">
<arg>xpath://button[normalize-space()='Log in']</arg>
<doc>Click the element identified by ``locator``.</doc>
<msg timestamp="20220729 18:07:41.939" level="INFO">Clicking element 'xpath://button[normalize-space()='Log in']'.</msg>
<status status="PASS" starttime="20220729 18:07:41.939" endtime="20220729 18:07:42.464"/>
</kw>
<status status="PASS" starttime="20220729 18:07:41.018" endtime="20220729 18:07:42.464"/>
</kw>
<kw name="Close Browser" library="SeleniumLibrary">
<doc>Closes the current browser.</doc>
<status status="PASS" starttime="20220729 18:07:42.465" endtime="20220729 18:07:44.837"/>
</kw>
<status status="PASS" starttime="20220729 18:07:37.276" endtime="20220729 18:07:44.837"/>
</test>
<status status="PASS" starttime="20220729 18:07:36.849" endtime="20220729 18:07:44.840"/>
</suite>
<statistics>
<total>
<stat pass="1" fail="0" skip="0">All Tests</stat>
</total>
<tag>
</tag>
<suite>
<stat pass="1" fail="0" skip="0" id="s1" name="TC1">TC1</stat>
</suite>
</statistics>
<errors>
</errors>
</robot>
