<?xml version="1.0" encoding="UTF-8"?>
<robot generator="Robot 5.0.1 (Python 3.10.5 on win32)" generated="20220805 11:59:04.685" rpa="false" schemaversion="3">
<suite id="s1" name="mouseOperations" source="C:\Users\irfandy4hmad\PycharmProjects\robotFrameworkPython\TestCases\mouseOperations.robot">
<test id="s1-t1" name="MouseActions" line="7">
<kw name="Open Browser" library="SeleniumLibrary">
<arg>https://swisnl.github.io/jQuery-contextMenu/demo.html</arg>
<arg>chrome</arg>
<doc>Opens a new browser instance to the optional ``url``.</doc>
<msg timestamp="20220805 11:59:05.289" level="INFO">Opening browser 'chrome' to base url 'https://swisnl.github.io/jQuery-contextMenu/demo.html'.</msg>
<status status="PASS" starttime="20220805 11:59:05.289" endtime="20220805 11:59:08.539"/>
</kw>
<kw name="Maximize Browser Window" library="SeleniumLibrary">
<doc>Maximizes current browser window.</doc>
<status status="PASS" starttime="20220805 11:59:08.540" endtime="20220805 11:59:08.673"/>
</kw>
<kw name="Open Context Menu" library="SeleniumLibrary">
<arg>xpath://span[@class='context-menu-one btn btn-neutral']</arg>
<doc>Opens the context menu on the element identified by ``locator``.</doc>
<status status="PASS" starttime="20220805 11:59:08.673" endtime="20220805 11:59:08.989"/>
</kw>
<kw name="Sleep" library="BuiltIn">
<arg>2</arg>
<doc>Pauses the test executed for the given time.</doc>
<msg timestamp="20220805 11:59:10.999" level="INFO">Slept 2 seconds</msg>
<status status="PASS" starttime="20220805 11:59:08.990" endtime="20220805 11:59:10.999"/>
</kw>
<kw name="Go To" library="SeleniumLibrary">
<arg>https://testautomationpractice.blogspot.com/</arg>
<doc>Navigates the current browser window to the provided ``url``.</doc>
<msg timestamp="20220805 11:59:11.000" level="INFO">Opening url 'https://testautomationpractice.blogspot.com/'</msg>
<status status="PASS" starttime="20220805 11:59:10.999" endtime="20220805 11:59:15.683"/>
</kw>
<kw name="Double Click Element" library="SeleniumLibrary">
<arg>xpath://button[normalize-space()='Copy Text']</arg>
<doc>Double clicks the element identified by ``locator``.</doc>
<msg timestamp="20220805 11:59:15.686" level="INFO">Double clicking element 'xpath://button[normalize-space()='Copy Text']'.</msg>
<status status="PASS" starttime="20220805 11:59:15.684" endtime="20220805 11:59:15.996"/>
</kw>
<kw name="Sleep" library="BuiltIn">
<arg>2</arg>
<doc>Pauses the test executed for the given time.</doc>
<msg timestamp="20220805 11:59:18.013" level="INFO">Slept 2 seconds</msg>
<status status="PASS" starttime="20220805 11:59:15.997" endtime="20220805 11:59:18.013"/>
</kw>
<kw name="Go To" library="SeleniumLibrary">
<arg>http://www.dhtmlgoodies.com/scripts/drag-drop-custom/demo-drag-drop-3.html</arg>
<doc>Navigates the current browser window to the provided ``url``.</doc>
<msg timestamp="20220805 11:59:18.014" level="INFO">Opening url 'http://www.dhtmlgoodies.com/scripts/drag-drop-custom/demo-drag-drop-3.html'</msg>
<status status="PASS" starttime="20220805 11:59:18.014" endtime="20220805 11:59:20.189"/>
</kw>
<kw name="Drag And Drop" library="SeleniumLibrary">
<arg>id:box6</arg>
<arg>id:box106</arg>
<doc>Drags the element identified by ``locator`` into the ``target`` element.</doc>
<status status="PASS" starttime="20220805 11:59:20.190" endtime="20220805 11:59:20.953"/>
</kw>
<kw name="Sleep" library="BuiltIn">
<arg>2</arg>
<doc>Pauses the test executed for the given time.</doc>
<msg timestamp="20220805 11:59:22.956" level="INFO">Slept 2 seconds</msg>
<status status="PASS" starttime="20220805 11:59:20.953" endtime="20220805 11:59:22.956"/>
</kw>
<kw name="Close Browser" library="SeleniumLibrary">
<doc>Closes the current browser.</doc>
<status status="PASS" starttime="20220805 11:59:22.957" endtime="20220805 11:59:25.273"/>
</kw>
<status status="PASS" starttime="20220805 11:59:05.288" endtime="20220805 11:59:25.274"/>
</test>
<status status="PASS" starttime="20220805 11:59:04.687" endtime="20220805 11:59:25.277"/>
</suite>
<statistics>
<total>
<stat pass="1" fail="0" skip="0">All Tests</stat>
</total>
<tag>
</tag>
<suite>
<stat pass="1" fail="0" skip="0" id="s1" name="mouseOperations">mouseOperations</stat>
</suite>
</statistics>
<errors>
</errors>
</robot>
