<?xml version="1.0" encoding="UTF-8"?>
<robot generator="Robot 5.0.1 (Python 3.10.5 on win32)" generated="20220806 17:25:39.379" rpa="false" schemaversion="3">
<suite id="s1" name="TestCases" source="C:\Users\irfandy4hmad\PycharmProjects\robotFrameworkPython\TestCases">
<suite id="s1-s1" name="TC01 registrationTest" source="C:\Users\irfandy4hmad\PycharmProjects\robotFrameworkPython\TestCases\TC01_registrationTest.robot">
<test id="s1-s1-t1" name="RegistrationTest" line="10">
<kw name="Generate Random Email" library="RegistrationKeywords">
<var>${EMAIL}</var>
<kw name="Generate Random String" library="String">
<var>${random}</var>
<arg>8</arg>
<arg>[LETTERS]</arg>
<doc>Generates a string with a desired ``length`` from the given ``chars``.</doc>
<msg timestamp="20220806 17:25:39.720" level="INFO">${random} = EuqncPIk</msg>
<status status="PASS" starttime="20220806 17:25:39.720" endtime="20220806 17:25:39.720"/>
</kw>
<kw name="Set Variable" library="BuiltIn">
<var>${domain}</var>
<arg>@abcmail.com</arg>
<doc>Returns the given values which can then be assigned to a variables.</doc>
<msg timestamp="20220806 17:25:39.721" level="INFO">${domain} = @abcmail.com</msg>
<status status="PASS" starttime="20220806 17:25:39.720" endtime="20220806 17:25:39.721"/>
</kw>
<kw name="Set Variable" library="BuiltIn">
<var>${email}</var>
<arg>${random}${domain}</arg>
<doc>Returns the given values which can then be assigned to a variables.</doc>
<msg timestamp="20220806 17:25:39.721" level="INFO">${email} = EuqncPIk@abcmail.com</msg>
<status status="PASS" starttime="20220806 17:25:39.721" endtime="20220806 17:25:39.721"/>
</kw>
<kw name="Log To Console" library="BuiltIn">
<arg>${email}</arg>
<doc>Logs the given message to the console.</doc>
<status status="PASS" starttime="20220806 17:25:39.721" endtime="20220806 17:25:39.722"/>
</kw>
<msg timestamp="20220806 17:25:39.722" level="INFO">${EMAIL} = EuqncPIk@abcmail.com</msg>
<status status="PASS" starttime="20220806 17:25:39.719" endtime="20220806 17:25:39.722"/>
</kw>
<kw name="Set Global Variable" library="BuiltIn">
<arg>${EMAIL}</arg>
<doc>Makes a variable available globally in all tests and suites.</doc>
<msg timestamp="20220806 17:25:39.723" level="INFO">${EMAIL} = EuqncPIk@abcmail.com</msg>
<status status="PASS" starttime="20220806 17:25:39.723" endtime="20220806 17:25:39.723"/>
</kw>
<kw name="Open MyBrowser" library="RegistrationKeywords">
<arg>${url}</arg>
<arg>${browser}</arg>
<kw name="Open Browser" library="SeleniumLibrary">
<arg>${siteURL}</arg>
<arg>${browser}</arg>
<doc>Opens a new browser instance to the optional ``url``.</doc>
<msg timestamp="20220806 17:25:39.724" level="INFO">Opening browser 'chrome' to base url 'https://demo.nopcommerce.com/login'.</msg>
<status status="PASS" starttime="20220806 17:25:39.724" endtime="20220806 17:25:42.004"/>
</kw>
<kw name="Maximize Browser Window" library="SeleniumLibrary">
<doc>Maximizes current browser window.</doc>
<status status="PASS" starttime="20220806 17:25:42.004" endtime="20220806 17:25:42.125"/>
</kw>
<status status="PASS" starttime="20220806 17:25:39.724" endtime="20220806 17:25:42.125"/>
</kw>
<kw name="Click Register Link" library="RegistrationKeywords">
<kw name="Click Link" library="SeleniumLibrary">
<arg>${link_register}</arg>
<doc>Clicks a link identified by ``locator``.</doc>
<msg timestamp="20220806 17:25:42.125" level="INFO">Clicking link 'link:Register'.</msg>
<status status="PASS" starttime="20220806 17:25:42.125" endtime="20220806 17:25:42.745"/>
</kw>
<status status="PASS" starttime="20220806 17:25:42.125" endtime="20220806 17:25:42.745"/>
</kw>
<kw name="Enter Firstname" library="RegistrationKeywords">
<arg>Satoru</arg>
<kw name="Input Text" library="SeleniumLibrary">
<arg>${txt_firstName}</arg>
<arg>${firstName}</arg>
<doc>Types the given ``text`` into the text field identified by ``locator``.</doc>
<msg timestamp="20220806 17:25:42.748" level="INFO">Typing text 'Satoru' into text field 'name:FirstName'.</msg>
<status status="PASS" starttime="20220806 17:25:42.747" endtime="20220806 17:25:42.864"/>
</kw>
<status status="PASS" starttime="20220806 17:25:42.747" endtime="20220806 17:25:42.864"/>
</kw>
<kw name="Enter Lastname" library="RegistrationKeywords">
<arg>Gojo</arg>
<kw name="Input Text" library="SeleniumLibrary">
<arg>${txt_lastName}</arg>
<arg>${lastName}</arg>
<doc>Types the given ``text`` into the text field identified by ``locator``.</doc>
<msg timestamp="20220806 17:25:42.865" level="INFO">Typing text 'Gojo' into text field 'name:LastName'.</msg>
<status status="PASS" starttime="20220806 17:25:42.865" endtime="20220806 17:25:42.973"/>
</kw>
<status status="PASS" starttime="20220806 17:25:42.865" endtime="20220806 17:25:42.974"/>
</kw>
<kw name="Enter Email" library="RegistrationKeywords">
<arg>${EMAIL}</arg>
<kw name="Input Text" library="SeleniumLibrary">
<arg>${txt_email}</arg>
<arg>${email}</arg>
<doc>Types the given ``text`` into the text field identified by ``locator``.</doc>
<msg timestamp="20220806 17:25:42.976" level="INFO">Typing text 'EuqncPIk@abcmail.com' into text field 'name:Email'.</msg>
<status status="PASS" starttime="20220806 17:25:42.975" endtime="20220806 17:25:43.105"/>
</kw>
<status status="PASS" starttime="20220806 17:25:42.974" endtime="20220806 17:25:43.105"/>
</kw>
<kw name="Select Gender Male" library="RegistrationKeywords">
<kw name="Click Element" library="SeleniumLibrary">
<arg>${rdBtn_male}</arg>
<doc>Click the element identified by ``locator``.</doc>
<msg timestamp="20220806 17:25:43.107" level="INFO">Clicking element 'id:gender-male'.</msg>
<status status="PASS" starttime="20220806 17:25:43.106" endtime="20220806 17:25:43.157"/>
</kw>
<status status="PASS" starttime="20220806 17:25:43.106" endtime="20220806 17:25:43.157"/>
</kw>
<kw name="Select Day" library="RegistrationKeywords">
<arg>7</arg>
<kw name="Select From List By Label" library="SeleniumLibrary">
<arg>${drp_dobday}</arg>
<arg>${day}</arg>
<doc>Selects options from selection list ``locator`` by ``labels``.</doc>
<msg timestamp="20220806 17:25:43.157" level="INFO">Selecting options from selection list 'name:DateOfBirthDay' by label 7.</msg>
<status status="PASS" starttime="20220806 17:25:43.157" endtime="20220806 17:25:43.224"/>
</kw>
<status status="PASS" starttime="20220806 17:25:43.157" endtime="20220806 17:25:43.224"/>
</kw>
<kw name="Select Month" library="RegistrationKeywords">
<arg>December</arg>
<kw name="Select From List By Label" library="SeleniumLibrary">
<arg>${drp_dobMonth}</arg>
<arg>${month}</arg>
<doc>Selects options from selection list ``locator`` by ``labels``.</doc>
<msg timestamp="20220806 17:25:43.240" level="INFO">Selecting options from selection list 'name:DateOfBirthMonth' by label December.</msg>
<status status="PASS" starttime="20220806 17:25:43.224" endtime="20220806 17:25:43.307"/>
</kw>
<status status="PASS" starttime="20220806 17:25:43.224" endtime="20220806 17:25:43.307"/>
</kw>
<kw name="Select Year" library="RegistrationKeywords">
<arg>1989</arg>
<kw name="Select From List By Label" library="SeleniumLibrary">
<arg>${drp_dobYear}</arg>
<arg>${year}</arg>
<doc>Selects options from selection list ``locator`` by ``labels``.</doc>
<msg timestamp="20220806 17:25:43.307" level="INFO">Selecting options from selection list 'name:DateOfBirthYear' by label 1989.</msg>
<status status="PASS" starttime="20220806 17:25:43.307" endtime="20220806 17:25:43.374"/>
</kw>
<status status="PASS" starttime="20220806 17:25:43.307" endtime="20220806 17:25:43.374"/>
</kw>
<kw name="Enter Company" library="RegistrationKeywords">
<arg>jujutsu kaisen</arg>
<kw name="Input Text" library="SeleniumLibrary">
<arg>${txt_company}</arg>
<arg>${company}</arg>
<doc>Types the given ``text`` into the text field identified by ``locator``.</doc>
<msg timestamp="20220806 17:25:43.391" level="INFO">Typing text 'jujutsu kaisen' into text field 'name:Company'.</msg>
<status status="PASS" starttime="20220806 17:25:43.390" endtime="20220806 17:25:43.505"/>
</kw>
<status status="PASS" starttime="20220806 17:25:43.374" endtime="20220806 17:25:43.505"/>
</kw>
<kw name="Enter Password" library="RegistrationKeywords">
<arg>password123</arg>
<kw name="Input Text" library="SeleniumLibrary">
<arg>${txt_password}</arg>
<arg>${password}</arg>
<doc>Types the given ``text`` into the text field identified by ``locator``.</doc>
<msg timestamp="20220806 17:25:43.506" level="INFO">Typing text 'password123' into text field 'name:Password'.</msg>
<status status="PASS" starttime="20220806 17:25:43.506" endtime="20220806 17:25:43.623"/>
</kw>
<status status="PASS" starttime="20220806 17:25:43.506" endtime="20220806 17:25:43.623"/>
</kw>
<kw name="Enter Confirm Password" library="RegistrationKeywords">
<arg>password123</arg>
<kw name="Input Text" library="SeleniumLibrary">
<arg>${txt_confirmPassword}</arg>
<arg>${confirmPassword}</arg>
<doc>Types the given ``text`` into the text field identified by ``locator``.</doc>
<msg timestamp="20220806 17:25:43.627" level="INFO">Typing text 'password123' into text field 'name:ConfirmPassword'.</msg>
<status status="PASS" starttime="20220806 17:25:43.625" endtime="20220806 17:25:43.753"/>
</kw>
<status status="PASS" starttime="20220806 17:25:43.624" endtime="20220806 17:25:43.753"/>
</kw>
<kw name="Click Register Button" library="RegistrationKeywords">
<kw name="Click Button" library="SeleniumLibrary">
<arg>${btn_register}</arg>
<doc>Clicks the button identified by ``locator``.</doc>
<msg timestamp="20220806 17:25:43.754" level="INFO">Clicking button 'id:register-button'.</msg>
<status status="PASS" starttime="20220806 17:25:43.754" endtime="20220806 17:25:44.614"/>
</kw>
<status status="PASS" starttime="20220806 17:25:43.754" endtime="20220806 17:25:44.615"/>
</kw>
<kw name="Verify Successful Registration" library="RegistrationKeywords">
<kw name="Page Should Contain" library="SeleniumLibrary">
<arg>Your registration completed</arg>
<doc>Verifies that current page contains ``text``.</doc>
<msg timestamp="20220806 17:25:44.636" level="INFO">Current page contains text 'Your registration completed'.</msg>
<status status="PASS" starttime="20220806 17:25:44.616" endtime="20220806 17:25:44.636"/>
</kw>
<status status="PASS" starttime="20220806 17:25:44.615" endtime="20220806 17:25:44.636"/>
</kw>
<kw name="Close MyBrowsers" library="RegistrationKeywords">
<kw name="Close All Browsers" library="SeleniumLibrary">
<doc>Closes all open browsers and resets the browser cache.</doc>
<status status="PASS" starttime="20220806 17:25:44.637" endtime="20220806 17:25:46.855"/>
</kw>
<status status="PASS" starttime="20220806 17:25:44.637" endtime="20220806 17:25:46.855"/>
</kw>
<status status="PASS" starttime="20220806 17:25:39.718" endtime="20220806 17:25:46.855"/>
</test>
<status status="PASS" starttime="20220806 17:25:39.423" endtime="20220806 17:25:46.855"/>
</suite>
<suite id="s1-s2" name="TC02 loginTest" source="C:\Users\irfandy4hmad\PycharmProjects\robotFrameworkPython\TestCases\TC02_loginTest.robot">
<test id="s1-s2-t1" name="LoginTest" line="12">
<kw name="Open MyBrowser" library="LoginKeywords">
<arg>${url}</arg>
<arg>${browser}</arg>
<kw name="Open Browser" library="SeleniumLibrary">
<arg>${siteURL}</arg>
<arg>${browser}</arg>
<doc>Opens a new browser instance to the optional ``url``.</doc>
<msg timestamp="20220806 17:25:46.893" level="INFO">Opening browser 'chrome' to base url 'https://demo.nopcommerce.com/login'.</msg>
<status status="PASS" starttime="20220806 17:25:46.893" endtime="20220806 17:25:49.107"/>
</kw>
<kw name="Maximize Browser Window" library="SeleniumLibrary">
<doc>Maximizes current browser window.</doc>
<status status="PASS" starttime="20220806 17:25:49.108" endtime="20220806 17:25:49.233"/>
</kw>
<status status="PASS" starttime="20220806 17:25:46.892" endtime="20220806 17:25:49.233"/>
</kw>
<kw name="Enter Username" library="LoginKeywords">
<arg>${user}</arg>
<kw name="Input Text" library="SeleniumLibrary">
<arg>${txt_loginusername}</arg>
<arg>${username}</arg>
<doc>Types the given ``text`` into the text field identified by ``locator``.</doc>
<msg timestamp="20220806 17:25:49.235" level="INFO">Typing text 'EuqncPIk@abcmail.com' into text field 'name:Email'.</msg>
<status status="PASS" starttime="20220806 17:25:49.235" endtime="20220806 17:25:49.376"/>
</kw>
<status status="PASS" starttime="20220806 17:25:49.234" endtime="20220806 17:25:49.376"/>
</kw>
<kw name="Enter Password" library="LoginKeywords">
<arg>${pwd}</arg>
<kw name="Input Text" library="SeleniumLibrary">
<arg>${txt_loginPassword}</arg>
<arg>${password}</arg>
<doc>Types the given ``text`` into the text field identified by ``locator``.</doc>
<msg timestamp="20220806 17:25:49.378" level="INFO">Typing text 'password123' into text field 'name:Password'.</msg>
<status status="PASS" starttime="20220806 17:25:49.377" endtime="20220806 17:25:49.484"/>
</kw>
<status status="PASS" starttime="20220806 17:25:49.377" endtime="20220806 17:25:49.485"/>
</kw>
<kw name="Click Login" library="LoginKeywords">
<kw name="Click Button" library="SeleniumLibrary">
<arg>${btn_login}</arg>
<doc>Clicks the button identified by ``locator``.</doc>
<msg timestamp="20220806 17:25:49.486" level="INFO">Clicking button 'xpath://button[normalize-space()='Log in']'.</msg>
<status status="PASS" starttime="20220806 17:25:49.485" endtime="20220806 17:25:50.456"/>
</kw>
<status status="PASS" starttime="20220806 17:25:49.485" endtime="20220806 17:25:50.456"/>
</kw>
<kw name="Verify Successful Login" library="LoginKeywords">
<kw name="Title Should Be" library="SeleniumLibrary">
<arg>nopCommerce demo store</arg>
<doc>Verifies that the current page title equals ``title``.</doc>
<msg timestamp="20220806 17:25:50.463" level="INFO">Page title is 'nopCommerce demo store'.</msg>
<status status="PASS" starttime="20220806 17:25:50.457" endtime="20220806 17:25:50.463"/>
</kw>
<status status="PASS" starttime="20220806 17:25:50.457" endtime="20220806 17:25:50.464"/>
</kw>
<kw name="Close MyBrowsers" library="LoginKeywords">
<kw name="Close All Browsers" library="SeleniumLibrary">
<doc>Closes all open browsers and resets the browser cache.</doc>
<status status="PASS" starttime="20220806 17:25:50.468" endtime="20220806 17:25:52.696"/>
</kw>
<status status="PASS" starttime="20220806 17:25:50.465" endtime="20220806 17:25:52.697"/>
</kw>
<status status="PASS" starttime="20220806 17:25:46.890" endtime="20220806 17:25:52.698"/>
</test>
<status status="PASS" starttime="20220806 17:25:46.871" endtime="20220806 17:25:52.704"/>
</suite>
<status status="PASS" starttime="20220806 17:25:39.379" endtime="20220806 17:25:52.712"/>
</suite>
<statistics>
<total>
<stat pass="2" fail="0" skip="0">All Tests</stat>
</total>
<tag>
</tag>
<suite>
<stat pass="2" fail="0" skip="0" id="s1" name="TestCases">TestCases</stat>
<stat pass="1" fail="0" skip="0" id="s1-s1" name="TC01 registrationTest">TestCases.TC01 registrationTest</stat>
<stat pass="1" fail="0" skip="0" id="s1-s2" name="TC02 loginTest">TestCases.TC02 loginTest</stat>
</suite>
</statistics>
<errors>
</errors>
</robot>
