<?xml version="1.0" encoding="UTF-8"?>
<robot generator="Robot 5.0.1 (Python 3.10.5 on win32)" generated="20220806 13:47:06.233" rpa="false" schemaversion="3">
<suite id="s1" name="registrationTest" source="C:\Users\irfandy4hmad\PycharmProjects\robotFrameworkPython\TestCases\registrationTest.robot">
<test id="s1-t1" name="LoginTest" line="10">
<kw name="Open MyBrowser" library="RegistrationKeywords">
<arg>${url}</arg>
<arg>${browser}</arg>
<kw name="Open Browser" library="SeleniumLibrary">
<arg>${siteURL}</arg>
<arg>${browser}</arg>
<doc>Opens a new browser instance to the optional ``url``.</doc>
<msg timestamp="20220806 13:47:06.760" level="INFO">Opening browser 'chrome' to base url 'https://demo.nopcommerce.com/login'.</msg>
<status status="PASS" starttime="20220806 13:47:06.760" endtime="20220806 13:47:09.776"/>
</kw>
<kw name="Maximize Browser Window" library="SeleniumLibrary">
<doc>Maximizes current browser window.</doc>
<status status="PASS" starttime="20220806 13:47:09.776" endtime="20220806 13:47:09.903"/>
</kw>
<status status="PASS" starttime="20220806 13:47:06.759" endtime="20220806 13:47:09.903"/>
</kw>
<kw name="Click Register Link" library="RegistrationKeywords">
<kw name="Click Link" library="SeleniumLibrary">
<arg>${link_register}</arg>
<doc>Clicks a link identified by ``locator``.</doc>
<msg timestamp="20220806 13:47:09.905" level="INFO">Clicking link 'link:Register'.</msg>
<status status="PASS" starttime="20220806 13:47:09.904" endtime="20220806 13:47:10.473"/>
</kw>
<status status="PASS" starttime="20220806 13:47:09.904" endtime="20220806 13:47:10.474"/>
</kw>
<kw name="Enter Firstname" library="RegistrationKeywords">
<arg>Satoru</arg>
<kw name="Input Text" library="SeleniumLibrary">
<arg>${txt_firstName}</arg>
<arg>${firstName}</arg>
<doc>Types the given ``text`` into the text field identified by ``locator``.</doc>
<msg timestamp="20220806 13:47:10.476" level="INFO">Typing text 'Satoru' into text field 'name:FirstName'.</msg>
<status status="PASS" starttime="20220806 13:47:10.475" endtime="20220806 13:47:10.598"/>
</kw>
<status status="PASS" starttime="20220806 13:47:10.474" endtime="20220806 13:47:10.598"/>
</kw>
<kw name="Enter Lastname" library="RegistrationKeywords">
<arg>Gojo</arg>
<kw name="Input Text" library="SeleniumLibrary">
<arg>${txt_lastName}</arg>
<arg>${lastName}</arg>
<doc>Types the given ``text`` into the text field identified by ``locator``.</doc>
<msg timestamp="20220806 13:47:10.600" level="INFO">Typing text 'Gojo' into text field 'name:LastName'.</msg>
<status status="PASS" starttime="20220806 13:47:10.599" endtime="20220806 13:47:10.711"/>
</kw>
<status status="PASS" starttime="20220806 13:47:10.599" endtime="20220806 13:47:10.712"/>
</kw>
<kw name="Enter Email" library="RegistrationKeywords">
<arg>gojoSatoru@jkjk.com</arg>
<kw name="Input Text" library="SeleniumLibrary">
<arg>${txt_email}</arg>
<arg>${email}</arg>
<doc>Types the given ``text`` into the text field identified by ``locator``.</doc>
<msg timestamp="20220806 13:47:10.713" level="INFO">Typing text 'gojoSatoru@jkjk.com' into text field 'name:Email'.</msg>
<status status="PASS" starttime="20220806 13:47:10.712" endtime="20220806 13:47:10.850"/>
</kw>
<status status="PASS" starttime="20220806 13:47:10.712" endtime="20220806 13:47:10.851"/>
</kw>
<kw name="Select Gender Male" library="RegistrationKeywords">
<kw name="Click Element" library="SeleniumLibrary">
<arg>${rdBtn_male}</arg>
<doc>Click the element identified by ``locator``.</doc>
<msg timestamp="20220806 13:47:10.852" level="INFO">Clicking element 'id:gender-male'.</msg>
<status status="PASS" starttime="20220806 13:47:10.852" endtime="20220806 13:47:10.913"/>
</kw>
<status status="PASS" starttime="20220806 13:47:10.852" endtime="20220806 13:47:10.913"/>
</kw>
<kw name="Select Day" library="RegistrationKeywords">
<arg>7</arg>
<kw name="Select From List By Label" library="SeleniumLibrary">
<arg>${drp_dobday}</arg>
<arg>${day}</arg>
<doc>Selects options from selection list ``locator`` by ``labels``.</doc>
<msg timestamp="20220806 13:47:10.916" level="INFO">Selecting options from selection list 'name:DateOfBirthDay' by label 7.</msg>
<status status="PASS" starttime="20220806 13:47:10.915" endtime="20220806 13:47:11.001"/>
</kw>
<status status="PASS" starttime="20220806 13:47:10.914" endtime="20220806 13:47:11.001"/>
</kw>
<kw name="Select Month" library="RegistrationKeywords">
<arg>December</arg>
<kw name="Select From List By Label" library="SeleniumLibrary">
<arg>${drp_dobMonth}</arg>
<arg>${month}</arg>
<doc>Selects options from selection list ``locator`` by ``labels``.</doc>
<msg timestamp="20220806 13:47:11.003" level="INFO">Selecting options from selection list 'name:DateOfBirthMonth' by label December.</msg>
<status status="PASS" starttime="20220806 13:47:11.003" endtime="20220806 13:47:11.086"/>
</kw>
<status status="PASS" starttime="20220806 13:47:11.002" endtime="20220806 13:47:11.086"/>
</kw>
<kw name="Select Year" library="RegistrationKeywords">
<arg>1989</arg>
<kw name="Select From List By Label" library="SeleniumLibrary">
<arg>${drp_dobYear}</arg>
<arg>${year}</arg>
<doc>Selects options from selection list ``locator`` by ``labels``.</doc>
<msg timestamp="20220806 13:47:11.088" level="INFO">Selecting options from selection list 'name:DateOfBirthYear' by label 1989.</msg>
<status status="PASS" starttime="20220806 13:47:11.087" endtime="20220806 13:47:11.169"/>
</kw>
<status status="PASS" starttime="20220806 13:47:11.087" endtime="20220806 13:47:11.169"/>
</kw>
<kw name="Enter Company" library="RegistrationKeywords">
<arg>jujutsu kaisen</arg>
<kw name="Input Text" library="SeleniumLibrary">
<arg>${txt_company}</arg>
<arg>${company}</arg>
<doc>Types the given ``text`` into the text field identified by ``locator``.</doc>
<msg timestamp="20220806 13:47:11.171" level="INFO">Typing text 'jujutsu kaisen' into text field 'name:Company'.</msg>
<status status="PASS" starttime="20220806 13:47:11.171" endtime="20220806 13:47:11.293"/>
</kw>
<status status="PASS" starttime="20220806 13:47:11.171" endtime="20220806 13:47:11.294"/>
</kw>
<kw name="Enter Password" library="RegistrationKeywords">
<arg>password123</arg>
<kw name="Input Text" library="SeleniumLibrary">
<arg>${txt_password}</arg>
<arg>${password}</arg>
<doc>Types the given ``text`` into the text field identified by ``locator``.</doc>
<msg timestamp="20220806 13:47:11.295" level="INFO">Typing text 'password123' into text field 'name:Password'.</msg>
<status status="PASS" starttime="20220806 13:47:11.294" endtime="20220806 13:47:11.420"/>
</kw>
<status status="PASS" starttime="20220806 13:47:11.294" endtime="20220806 13:47:11.421"/>
</kw>
<kw name="Enter Confirm Password" library="RegistrationKeywords">
<arg>password123</arg>
<kw name="Input Text" library="SeleniumLibrary">
<arg>${txt_confirmPassword}</arg>
<arg>${confirmPassword}</arg>
<doc>Types the given ``text`` into the text field identified by ``locator``.</doc>
<msg timestamp="20220806 13:47:11.422" level="INFO">Typing text 'password123' into text field 'name:ConfirmPassword'.</msg>
<status status="PASS" starttime="20220806 13:47:11.422" endtime="20220806 13:47:11.537"/>
</kw>
<status status="PASS" starttime="20220806 13:47:11.421" endtime="20220806 13:47:11.537"/>
</kw>
<kw name="Click Register Button" library="RegistrationKeywords">
<kw name="Click Button" library="SeleniumLibrary">
<arg>${btn_register}</arg>
<doc>Clicks the button identified by ``locator``.</doc>
<msg timestamp="20220806 13:47:11.538" level="INFO">Clicking button 'id:register-button'.</msg>
<status status="PASS" starttime="20220806 13:47:11.538" endtime="20220806 13:47:12.408"/>
</kw>
<status status="PASS" starttime="20220806 13:47:11.538" endtime="20220806 13:47:12.408"/>
</kw>
<kw name="Verify Successful Registration" library="RegistrationKeywords">
<kw name="Page Should Contain" library="SeleniumLibrary">
<arg>Your registration completed</arg>
<doc>Verifies that current page contains ``text``.</doc>
<msg timestamp="20220806 13:47:12.430" level="INFO">Current page contains text 'Your registration completed'.</msg>
<status status="PASS" starttime="20220806 13:47:12.409" endtime="20220806 13:47:12.430"/>
</kw>
<status status="PASS" starttime="20220806 13:47:12.409" endtime="20220806 13:47:12.430"/>
</kw>
<kw name="Close MyBrowsers" library="RegistrationKeywords">
<kw name="Close All Browsers" library="SeleniumLibrary">
<doc>Closes all open browsers and resets the browser cache.</doc>
<status status="PASS" starttime="20220806 13:47:12.431" endtime="20220806 13:47:14.639"/>
</kw>
<status status="PASS" starttime="20220806 13:47:12.431" endtime="20220806 13:47:14.640"/>
</kw>
<status status="PASS" starttime="20220806 13:47:06.758" endtime="20220806 13:47:14.641"/>
</test>
<status status="PASS" starttime="20220806 13:47:06.235" endtime="20220806 13:47:14.646"/>
</suite>
<statistics>
<total>
<stat pass="1" fail="0" skip="0">All Tests</stat>
</total>
<tag>
</tag>
<suite>
<stat pass="1" fail="0" skip="0" id="s1" name="registrationTest">registrationTest</stat>
</suite>
</statistics>
<errors>
</errors>
</robot>
