<?xml version="1.0" encoding="UTF-8"?>
<robot generator="Robot 5.0.1 (Python 3.10.5 on win32)" generated="20220729 18:28:11.363" rpa="false" schemaversion="3">
<suite id="s1" name="inputBox" source="C:\Users\irfandy4hmad\PycharmProjects\robotFrameworkPython\TestCases\inputBox.robot">
<test id="s1-t1" name="TestingInputBox" line="9">
<kw name="Open Browser" library="SeleniumLibrary">
<arg>${url}</arg>
<arg>${browser}</arg>
<doc>Opens a new browser instance to the optional ``url``.</doc>
<msg timestamp="20220729 18:28:11.711" level="INFO">Opening browser 'chrome' to base url 'https://demo.nopcommerce.com/'.</msg>
<status status="PASS" starttime="20220729 18:28:11.711" endtime="20220729 18:28:15.158"/>
</kw>
<kw name="Maximize Browser Window" library="SeleniumLibrary">
<doc>Maximizes current browser window.</doc>
<status status="PASS" starttime="20220729 18:28:15.158" endtime="20220729 18:28:15.352"/>
</kw>
<kw name="Title Should Be" library="SeleniumLibrary">
<arg>nopCommerce demo store</arg>
<doc>Verifies that the current page title equals ``title``.</doc>
<msg timestamp="20220729 18:28:15.371" level="INFO">Page title is 'nopCommerce demo store'.</msg>
<status status="PASS" starttime="20220729 18:28:15.353" endtime="20220729 18:28:15.371"/>
</kw>
<kw name="Click Link" library="SeleniumLibrary">
<arg>xpath://a[normalize-space()='Log in']</arg>
<doc>Clicks a link identified by ``locator``.</doc>
<msg timestamp="20220729 18:28:15.374" level="INFO">Clicking link 'xpath://a[normalize-space()='Log in']'.</msg>
<status status="PASS" starttime="20220729 18:28:15.371" endtime="20220729 18:28:15.922"/>
</kw>
<kw name="Set Variable" library="BuiltIn">
<var>${"email_txt"}</var>
<arg>id:Email</arg>
<doc>Returns the given values which can then be assigned to a variables.</doc>
<msg timestamp="20220729 18:28:15.924" level="INFO">${"email_txt"} = id:Email</msg>
<status status="PASS" starttime="20220729 18:28:15.923" endtime="20220729 18:28:15.925"/>
</kw>
<kw name="Element Should Be Visible" library="SeleniumLibrary">
<arg>${"email_txt"}</arg>
<doc>Verifies that the element identified by ``locator`` is visible.</doc>
<msg timestamp="20220729 18:28:16.021" level="INFO">Element 'id:Email' is displayed.</msg>
<status status="PASS" starttime="20220729 18:28:15.930" endtime="20220729 18:28:16.021"/>
</kw>
<kw name="Element Should Be Enabled" library="SeleniumLibrary">
<arg>${"email_txt"}</arg>
<doc>Verifies that element identified by ``locator`` is enabled.</doc>
<status status="PASS" starttime="20220729 18:28:16.022" endtime="20220729 18:28:16.053"/>
</kw>
<kw name="Input Text" library="SeleniumLibrary">
<arg>${"email_txt"}</arg>
<arg>leviAckerman@gmail.com</arg>
<doc>Types the given ``text`` into the text field identified by ``locator``.</doc>
<msg timestamp="20220729 18:28:16.054" level="INFO">Typing text 'leviAckerman@gmail.com' into text field 'id:Email'.</msg>
<status status="PASS" starttime="20220729 18:28:16.053" endtime="20220729 18:28:16.171"/>
</kw>
<kw name="Sleep" library="BuiltIn">
<arg>3</arg>
<doc>Pauses the test executed for the given time.</doc>
<msg timestamp="20220729 18:28:19.187" level="INFO">Slept 3 seconds</msg>
<status status="PASS" starttime="20220729 18:28:16.172" endtime="20220729 18:28:19.188"/>
</kw>
<kw name="Clear Element Text" library="SeleniumLibrary">
<arg>${"email_txt"}</arg>
<doc>Clears the value of the text-input-element identified by ``locator``.</doc>
<status status="PASS" starttime="20220729 18:28:19.191" endtime="20220729 18:28:19.233"/>
</kw>
<kw name="Sleep" library="BuiltIn">
<arg>2</arg>
<doc>Pauses the test executed for the given time.</doc>
<msg timestamp="20220729 18:28:21.245" level="INFO">Slept 2 seconds</msg>
<status status="PASS" starttime="20220729 18:28:19.234" endtime="20220729 18:28:21.245"/>
</kw>
<kw name="Close Browser" library="SeleniumLibrary">
<doc>Closes the current browser.</doc>
<status status="PASS" starttime="20220729 18:28:21.245" endtime="20220729 18:28:24.722"/>
</kw>
<status status="PASS" starttime="20220729 18:28:11.710" endtime="20220729 18:28:24.724"/>
</test>
<status status="PASS" starttime="20220729 18:28:11.375" endtime="20220729 18:28:24.729"/>
</suite>
<statistics>
<total>
<stat pass="1" fail="0" skip="0">All Tests</stat>
</total>
<tag>
</tag>
<suite>
<stat pass="1" fail="0" skip="0" id="s1" name="inputBox">inputBox</stat>
</suite>
</statistics>
<errors>
</errors>
</robot>
