<?xml version="1.0" encoding="UTF-8"?>
<robot generator="Robot 5.0.1 (Python 3.10.5 on win32)" generated="20220730 20:07:11.902" rpa="false" schemaversion="3">
<suite id="s1" name="switchToMultipleBrowsers" source="C:\Users\irfandy4hmad\PycharmProjects\robotFrameworkPython\TestCases\switchToMultipleBrowsers.robot">
<test id="s1-t1" name="MultipleBrowsersTest" line="7">
<kw name="Open Browser" library="SeleniumLibrary">
<arg>https://www.google.com/</arg>
<arg>chrome</arg>
<doc>Opens a new browser instance to the optional ``url``.</doc>
<msg timestamp="20220730 20:07:12.198" level="INFO">Opening browser 'chrome' to base url 'https://www.google.com/'.</msg>
<status status="PASS" starttime="20220730 20:07:12.198" endtime="20220730 20:07:14.861"/>
</kw>
<kw name="Maximize Browser Window" library="SeleniumLibrary">
<doc>Maximizes current browser window.</doc>
<status status="PASS" starttime="20220730 20:07:14.862" endtime="20220730 20:07:14.998"/>
</kw>
<kw name="Sleep" library="BuiltIn">
<arg>2</arg>
<doc>Pauses the test executed for the given time.</doc>
<msg timestamp="20220730 20:07:16.999" level="INFO">Slept 2 seconds</msg>
<status status="PASS" starttime="20220730 20:07:14.998" endtime="20220730 20:07:16.999"/>
</kw>
<kw name="Open Browser" library="SeleniumLibrary">
<arg>https://www.bing.com/</arg>
<arg>chrome</arg>
<doc>Opens a new browser instance to the optional ``url``.</doc>
<msg timestamp="20220730 20:07:17.001" level="INFO">Opening browser 'chrome' to base url 'https://www.bing.com/'.</msg>
<status status="PASS" starttime="20220730 20:07:17.000" endtime="20220730 20:07:19.006"/>
</kw>
<kw name="Maximize Browser Window" library="SeleniumLibrary">
<doc>Maximizes current browser window.</doc>
<status status="PASS" starttime="20220730 20:07:19.008" endtime="20220730 20:07:19.368"/>
</kw>
<kw name="Sleep" library="BuiltIn">
<arg>2</arg>
<doc>Pauses the test executed for the given time.</doc>
<msg timestamp="20220730 20:07:21.374" level="INFO">Slept 2 seconds</msg>
<status status="PASS" starttime="20220730 20:07:19.371" endtime="20220730 20:07:21.374"/>
</kw>
<kw name="Switch Browser" library="SeleniumLibrary">
<arg>1</arg>
<doc>Switches between active browsers using ``index_or_alias``.</doc>
<status status="PASS" starttime="20220730 20:07:21.374" endtime="20220730 20:07:21.375"/>
</kw>
<kw name="Get Title" library="SeleniumLibrary">
<var>${title1}</var>
<doc>Returns the title of the current page.</doc>
<msg timestamp="20220730 20:07:21.381" level="INFO">${title1} = Google</msg>
<status status="PASS" starttime="20220730 20:07:21.375" endtime="20220730 20:07:21.382"/>
</kw>
<kw name="Log To Console" library="BuiltIn">
<arg>${title1}</arg>
<doc>Logs the given message to the console.</doc>
<status status="PASS" starttime="20220730 20:07:21.382" endtime="20220730 20:07:21.383"/>
</kw>
<kw name="Sleep" library="BuiltIn">
<arg>2</arg>
<doc>Pauses the test executed for the given time.</doc>
<msg timestamp="20220730 20:07:23.398" level="INFO">Slept 2 seconds</msg>
<status status="PASS" starttime="20220730 20:07:21.384" endtime="20220730 20:07:23.398"/>
</kw>
<kw name="Switch Browser" library="SeleniumLibrary">
<arg>2</arg>
<doc>Switches between active browsers using ``index_or_alias``.</doc>
<status status="PASS" starttime="20220730 20:07:23.398" endtime="20220730 20:07:23.398"/>
</kw>
<kw name="Get Title" library="SeleniumLibrary">
<var>${title2}</var>
<doc>Returns the title of the current page.</doc>
<msg timestamp="20220730 20:07:23.403" level="INFO">${title2} = Bing</msg>
<status status="PASS" starttime="20220730 20:07:23.398" endtime="20220730 20:07:23.403"/>
</kw>
<kw name="Log To Console" library="BuiltIn">
<arg>${title2}</arg>
<doc>Logs the given message to the console.</doc>
<status status="PASS" starttime="20220730 20:07:23.403" endtime="20220730 20:07:23.403"/>
</kw>
<kw name="Sleep" library="BuiltIn">
<arg>2</arg>
<doc>Pauses the test executed for the given time.</doc>
<msg timestamp="20220730 20:07:25.413" level="INFO">Slept 2 seconds</msg>
<status status="PASS" starttime="20220730 20:07:23.403" endtime="20220730 20:07:25.413"/>
</kw>
<kw name="Close All Browsers" library="SeleniumLibrary">
<doc>Closes all open browsers and resets the browser cache.</doc>
<status status="PASS" starttime="20220730 20:07:25.413" endtime="20220730 20:07:30.557"/>
</kw>
<status status="PASS" starttime="20220730 20:07:12.198" endtime="20220730 20:07:30.557"/>
</test>
<status status="PASS" starttime="20220730 20:07:11.902" endtime="20220730 20:07:30.557"/>
</suite>
<statistics>
<total>
<stat pass="1" fail="0" skip="0">All Tests</stat>
</total>
<tag>
</tag>
<suite>
<stat pass="1" fail="0" skip="0" id="s1" name="switchToMultipleBrowsers">switchToMultipleBrowsers</stat>
</suite>
</statistics>
<errors>
</errors>
</robot>
