<?xml version="1.0" encoding="UTF-8"?>
<robot generator="Robot 5.0.1 (Python 3.10.5 on win32)" generated="20220806 10:42:54.628" rpa="false" schemaversion="3">
<suite id="s1" name="Tagging" source="C:\Users\irfandy4hmad\PycharmProjects\robotFrameworkPython\TestCases\tagging.robot">
<test id="s1-t1" name="TC1 User RegistrationTest" line="5">
<kw name="Log To Console" library="BuiltIn">
<arg>This is user reg test</arg>
<doc>Logs the given message to the console.</doc>
<status status="PASS" starttime="20220806 10:42:54.665" endtime="20220806 10:42:54.665"/>
</kw>
<kw name="Log To Console" library="BuiltIn">
<arg>user registration test is over</arg>
<doc>Logs the given message to the console.</doc>
<status status="PASS" starttime="20220806 10:42:54.666" endtime="20220806 10:42:54.666"/>
</kw>
<tag>regression</tag>
<status status="PASS" starttime="20220806 10:42:54.664" endtime="20220806 10:42:54.667"/>
</test>
<test id="s1-t2" name="TC3 Change user settings" line="15">
<kw name="Log To Console" library="BuiltIn">
<arg>This is changing user settings test</arg>
<doc>Logs the given message to the console.</doc>
<status status="PASS" starttime="20220806 10:42:54.669" endtime="20220806 10:42:54.669"/>
</kw>
<kw name="Log To Console" library="BuiltIn">
<arg>Change user settings</arg>
<arg>test is over</arg>
<doc>Logs the given message to the console.</doc>
<status status="PASS" starttime="20220806 10:42:54.670" endtime="20220806 10:42:54.670"/>
</kw>
<tag>regression</tag>
<status status="PASS" starttime="20220806 10:42:54.668" endtime="20220806 10:42:54.670"/>
</test>
<status status="PASS" starttime="20220806 10:42:54.631" endtime="20220806 10:42:54.672"/>
</suite>
<statistics>
<total>
<stat pass="2" fail="0" skip="0">All Tests</stat>
</total>
<tag>
<stat pass="2" fail="0" skip="0">regression</stat>
</tag>
<suite>
<stat pass="2" fail="0" skip="0" id="s1" name="Tagging">Tagging</stat>
</suite>
</statistics>
<errors>
</errors>
</robot>
