<?xml version="1.0" encoding="UTF-8"?>
<robot generator="Robot 5.0.1 (Python 3.10.5 on win32)" generated="20220805 15:33:48.955" rpa="false" schemaversion="3">
<suite id="s1" name="forLoopDemo" source="C:\Users\irfandy4hmad\PycharmProjects\robotFrameworkPython\TestCases\forLoopDemo.robot">
<test id="s1-t1" name="ForLoop6withExit" line="30">
<kw name="Create List" library="BuiltIn">
<var>@{items}</var>
<arg>1</arg>
<arg>2</arg>
<arg>3</arg>
<arg>4</arg>
<arg>5</arg>
<doc>Returns a list containing given items.</doc>
<msg timestamp="20220805 15:33:48.998" level="INFO">@{items} = [ 1 | 2 | 3 | 4 | 5 ]</msg>
<status status="PASS" starttime="20220805 15:33:48.998" endtime="20220805 15:33:48.998"/>
</kw>
<for flavor="IN">
<var>${i}</var>
<value>@{items}</value>
<iter>
<var name="${i}">1</var>
<kw name="Log To Console" library="BuiltIn">
<arg>${i}</arg>
<doc>Logs the given message to the console.</doc>
<status status="PASS" starttime="20220805 15:33:48.999" endtime="20220805 15:33:49.000"/>
</kw>
<kw name="Exit For Loop If" library="BuiltIn">
<arg>${i} == 3</arg>
<doc>Stops executing the enclosing FOR loop if the ``condition`` is true.</doc>
<status status="PASS" starttime="20220805 15:33:49.000" endtime="20220805 15:33:49.000"/>
</kw>
<status status="PASS" starttime="20220805 15:33:48.999" endtime="20220805 15:33:49.000"/>
</iter>
<iter>
<var name="${i}">2</var>
<kw name="Log To Console" library="BuiltIn">
<arg>${i}</arg>
<doc>Logs the given message to the console.</doc>
<status status="PASS" starttime="20220805 15:33:49.001" endtime="20220805 15:33:49.001"/>
</kw>
<kw name="Exit For Loop If" library="BuiltIn">
<arg>${i} == 3</arg>
<doc>Stops executing the enclosing FOR loop if the ``condition`` is true.</doc>
<status status="PASS" starttime="20220805 15:33:49.001" endtime="20220805 15:33:49.002"/>
</kw>
<status status="PASS" starttime="20220805 15:33:49.001" endtime="20220805 15:33:49.002"/>
</iter>
<iter>
<var name="${i}">3</var>
<kw name="Log To Console" library="BuiltIn">
<arg>${i}</arg>
<doc>Logs the given message to the console.</doc>
<status status="PASS" starttime="20220805 15:33:49.002" endtime="20220805 15:33:49.002"/>
</kw>
<kw name="Exit For Loop If" library="BuiltIn">
<arg>${i} == 3</arg>
<doc>Stops executing the enclosing FOR loop if the ``condition`` is true.</doc>
<msg timestamp="20220805 15:33:49.003" level="INFO">Exiting for loop altogether.</msg>
<status status="PASS" starttime="20220805 15:33:49.002" endtime="20220805 15:33:49.004"/>
</kw>
<status status="PASS" starttime="20220805 15:33:49.002" endtime="20220805 15:33:49.004"/>
</iter>
<status status="PASS" starttime="20220805 15:33:48.999" endtime="20220805 15:33:49.004"/>
</for>
<status status="PASS" starttime="20220805 15:33:48.996" endtime="20220805 15:33:49.004"/>
</test>
<status status="PASS" starttime="20220805 15:33:48.957" endtime="20220805 15:33:49.005"/>
</suite>
<statistics>
<total>
<stat pass="1" fail="0" skip="0">All Tests</stat>
</total>
<tag>
</tag>
<suite>
<stat pass="1" fail="0" skip="0" id="s1" name="forLoopDemo">forLoopDemo</stat>
</suite>
</statistics>
<errors>
</errors>
</robot>
