<?xml version="1.0" encoding="UTF-8"?>
<robot generator="Robot 5.0.1 (Python 3.10.5 on win32)" generated="20220806 07:49:05.868" rpa="false" schemaversion="3">
<suite id="s1" name="DDT2 Excel" source="C:\Users\irfandy4hmad\PycharmProjects\robotFrameworkPython\TestCases\DDT2_Excel.robot">
<kw name="Open My Browser" library="login_resources" type="SETUP">
<kw name="Open Browser" library="SeleniumLibrary">
<arg>${LOGIN URL}</arg>
<arg>${BROWSER}</arg>
<doc>Opens a new browser instance to the optional ``url``.</doc>
<msg timestamp="20220806 07:49:07.352" level="INFO">Opening browser 'chrome' to base url 'https://admin-demo.nopcommerce.com/'.</msg>
<status status="PASS" starttime="20220806 07:49:07.352" endtime="20220806 07:49:38.017"/>
</kw>
<kw name="Maximize Browser Window" library="SeleniumLibrary">
<doc>Maximizes current browser window.</doc>
<status status="PASS" starttime="20220806 07:49:38.017" endtime="20220806 07:49:38.146"/>
</kw>
<status status="PASS" starttime="20220806 07:49:07.352" endtime="20220806 07:49:38.146"/>
</kw>
<test id="s1-t1" name="LoginTestWithExcel using admin@yourstore.com adm" line="11">
<kw name="Invalid Login">
<arg>admin@yourstore.com</arg>
<arg>adm</arg>
<kw name="Input Username" library="login_resources">
<arg>${username}</arg>
<kw name="Input Text" library="SeleniumLibrary">
<arg>id:Email</arg>
<arg>${username}</arg>
<doc>Types the given ``text`` into the text field identified by ``locator``.</doc>
<msg timestamp="20220806 07:49:38.158" level="INFO">Typing text 'admin@yourstore.com' into text field 'id:Email'.</msg>
<status status="PASS" starttime="20220806 07:49:38.154" endtime="20220806 07:49:38.357"/>
</kw>
<status status="PASS" starttime="20220806 07:49:38.152" endtime="20220806 07:49:38.357"/>
</kw>
<kw name="Input Pwd" library="login_resources">
<arg>${password}</arg>
<kw name="Input Text" library="SeleniumLibrary">
<arg>id:Password</arg>
<arg>${password}</arg>
<doc>Types the given ``text`` into the text field identified by ``locator``.</doc>
<msg timestamp="20220806 07:49:38.359" level="INFO">Typing text 'adm' into text field 'id:Password'.</msg>
<status status="PASS" starttime="20220806 07:49:38.358" endtime="20220806 07:49:38.476"/>
</kw>
<status status="PASS" starttime="20220806 07:49:38.357" endtime="20220806 07:49:38.476"/>
</kw>
<kw name="Click Login Button" library="login_resources">
<kw name="Click Element" library="SeleniumLibrary">
<arg>xpath://button[normalize-space()='Log in']</arg>
<doc>Click the element identified by ``locator``.</doc>
<msg timestamp="20220806 07:49:38.477" level="INFO">Clicking element 'xpath://button[normalize-space()='Log in']'.</msg>
<status status="PASS" starttime="20220806 07:49:38.477" endtime="20220806 07:49:39.115"/>
</kw>
<status status="PASS" starttime="20220806 07:49:38.476" endtime="20220806 07:49:39.115"/>
</kw>
<kw name="Error Message Should Be Visible" library="login_resources">
<kw name="Page Should Contain" library="SeleniumLibrary">
<arg>Login was unsuccessful</arg>
<doc>Verifies that current page contains ``text``.</doc>
<msg timestamp="20220806 07:49:39.148" level="INFO">Current page contains text 'Login was unsuccessful'.</msg>
<status status="PASS" starttime="20220806 07:49:39.116" endtime="20220806 07:49:39.149"/>
</kw>
<status status="PASS" starttime="20220806 07:49:39.116" endtime="20220806 07:49:39.149"/>
</kw>
<status status="PASS" starttime="20220806 07:49:38.151" endtime="20220806 07:49:39.149"/>
</kw>
<status status="PASS" starttime="20220806 07:49:38.147" endtime="20220806 07:49:39.150"/>
</test>
<test id="s1-t2" name="LoginTestWithExcel using adm@yourstore.com admin" line="11">
<kw name="Invalid Login">
<arg>adm@yourstore.com</arg>
<arg>admin</arg>
<kw name="Input Username" library="login_resources">
<arg>${username}</arg>
<kw name="Input Text" library="SeleniumLibrary">
<arg>id:Email</arg>
<arg>${username}</arg>
<doc>Types the given ``text`` into the text field identified by ``locator``.</doc>
<msg timestamp="20220806 07:49:39.163" level="INFO">Typing text 'adm@yourstore.com' into text field 'id:Email'.</msg>
<status status="PASS" starttime="20220806 07:49:39.162" endtime="20220806 07:49:39.303"/>
</kw>
<status status="PASS" starttime="20220806 07:49:39.161" endtime="20220806 07:49:39.303"/>
</kw>
<kw name="Input Pwd" library="login_resources">
<arg>${password}</arg>
<kw name="Input Text" library="SeleniumLibrary">
<arg>id:Password</arg>
<arg>${password}</arg>
<doc>Types the given ``text`` into the text field identified by ``locator``.</doc>
<msg timestamp="20220806 07:49:39.305" level="INFO">Typing text 'admin' into text field 'id:Password'.</msg>
<status status="PASS" starttime="20220806 07:49:39.304" endtime="20220806 07:49:39.436"/>
</kw>
<status status="PASS" starttime="20220806 07:49:39.303" endtime="20220806 07:49:39.437"/>
</kw>
<kw name="Click Login Button" library="login_resources">
<kw name="Click Element" library="SeleniumLibrary">
<arg>xpath://button[normalize-space()='Log in']</arg>
<doc>Click the element identified by ``locator``.</doc>
<msg timestamp="20220806 07:49:39.439" level="INFO">Clicking element 'xpath://button[normalize-space()='Log in']'.</msg>
<status status="PASS" starttime="20220806 07:49:39.438" endtime="20220806 07:49:40.013"/>
</kw>
<status status="PASS" starttime="20220806 07:49:39.437" endtime="20220806 07:49:40.013"/>
</kw>
<kw name="Error Message Should Be Visible" library="login_resources">
<kw name="Page Should Contain" library="SeleniumLibrary">
<arg>Login was unsuccessful</arg>
<doc>Verifies that current page contains ``text``.</doc>
<msg timestamp="20220806 07:49:40.037" level="INFO">Current page contains text 'Login was unsuccessful'.</msg>
<status status="PASS" starttime="20220806 07:49:40.014" endtime="20220806 07:49:40.037"/>
</kw>
<status status="PASS" starttime="20220806 07:49:40.014" endtime="20220806 07:49:40.038"/>
</kw>
<status status="PASS" starttime="20220806 07:49:39.160" endtime="20220806 07:49:40.038"/>
</kw>
<status status="PASS" starttime="20220806 07:49:39.153" endtime="20220806 07:49:40.040"/>
</test>
<test id="s1-t3" name="LoginTestWithExcel using adm@yourstore.com adm" line="11">
<kw name="Invalid Login">
<arg>adm@yourstore.com</arg>
<arg>adm</arg>
<kw name="Input Username" library="login_resources">
<arg>${username}</arg>
<kw name="Input Text" library="SeleniumLibrary">
<arg>id:Email</arg>
<arg>${username}</arg>
<doc>Types the given ``text`` into the text field identified by ``locator``.</doc>
<msg timestamp="20220806 07:49:40.047" level="INFO">Typing text 'adm@yourstore.com' into text field 'id:Email'.</msg>
<status status="PASS" starttime="20220806 07:49:40.046" endtime="20220806 07:49:40.227"/>
</kw>
<status status="PASS" starttime="20220806 07:49:40.045" endtime="20220806 07:49:40.227"/>
</kw>
<kw name="Input Pwd" library="login_resources">
<arg>${password}</arg>
<kw name="Input Text" library="SeleniumLibrary">
<arg>id:Password</arg>
<arg>${password}</arg>
<doc>Types the given ``text`` into the text field identified by ``locator``.</doc>
<msg timestamp="20220806 07:49:40.229" level="INFO">Typing text 'adm' into text field 'id:Password'.</msg>
<status status="PASS" starttime="20220806 07:49:40.229" endtime="20220806 07:49:40.349"/>
</kw>
<status status="PASS" starttime="20220806 07:49:40.228" endtime="20220806 07:49:40.349"/>
</kw>
<kw name="Click Login Button" library="login_resources">
<kw name="Click Element" library="SeleniumLibrary">
<arg>xpath://button[normalize-space()='Log in']</arg>
<doc>Click the element identified by ``locator``.</doc>
<msg timestamp="20220806 07:49:40.350" level="INFO">Clicking element 'xpath://button[normalize-space()='Log in']'.</msg>
<status status="PASS" starttime="20220806 07:49:40.350" endtime="20220806 07:49:40.747"/>
</kw>
<status status="PASS" starttime="20220806 07:49:40.349" endtime="20220806 07:49:40.747"/>
</kw>
<kw name="Error Message Should Be Visible" library="login_resources">
<kw name="Page Should Contain" library="SeleniumLibrary">
<arg>Login was unsuccessful</arg>
<doc>Verifies that current page contains ``text``.</doc>
<msg timestamp="20220806 07:49:40.766" level="INFO">Current page contains text 'Login was unsuccessful'.</msg>
<status status="PASS" starttime="20220806 07:49:40.748" endtime="20220806 07:49:40.766"/>
</kw>
<status status="PASS" starttime="20220806 07:49:40.747" endtime="20220806 07:49:40.766"/>
</kw>
<status status="PASS" starttime="20220806 07:49:40.045" endtime="20220806 07:49:40.766"/>
</kw>
<status status="PASS" starttime="20220806 07:49:40.042" endtime="20220806 07:49:40.767"/>
</test>
<kw name="Close Browsers" library="login_resources" type="TEARDOWN">
<kw name="Close All Browsers" library="SeleniumLibrary">
<doc>Closes all open browsers and resets the browser cache.</doc>
<status status="PASS" starttime="20220806 07:49:40.770" endtime="20220806 07:49:43.024"/>
</kw>
<status status="PASS" starttime="20220806 07:49:40.769" endtime="20220806 07:49:43.024"/>
</kw>
<status status="PASS" starttime="20220806 07:49:05.884" endtime="20220806 07:49:43.024"/>
</suite>
<statistics>
<total>
<stat pass="3" fail="0" skip="0">All Tests</stat>
</total>
<tag>
</tag>
<suite>
<stat pass="3" fail="0" skip="0" id="s1" name="DDT2 Excel">DDT2 Excel</stat>
</suite>
</statistics>
<errors>
</errors>
</robot>
