<?xml version="1.0" encoding="UTF-8"?>
<robot generator="Robot 5.0.1 (Python 3.10.5 on win32)" generated="20220806 07:10:23.366" rpa="false" schemaversion="3">
<suite id="s1" name="DDT1" source="C:\Users\irfandy4hmad\PycharmProjects\robotFrameworkPython\TestCases\DDT1.robot">
<kw name="Open My Browser" library="login_resources" type="SETUP">
<kw name="Open Browser" library="SeleniumLibrary">
<arg>${LOGIN URL}</arg>
<arg>${BROWSER}</arg>
<doc>Opens a new browser instance to the optional ``url``.</doc>
<msg timestamp="20220806 07:10:23.786" level="INFO">Opening browser 'chrome' to base url 'https://admin-demo.nopcommerce.com/'.</msg>
<status status="PASS" starttime="20220806 07:10:23.786" endtime="20220806 07:10:27.402"/>
</kw>
<kw name="Maximize Browser Window" library="SeleniumLibrary">
<doc>Maximizes current browser window.</doc>
<status status="PASS" starttime="20220806 07:10:27.402" endtime="20220806 07:10:27.525"/>
</kw>
<status status="PASS" starttime="20220806 07:10:23.786" endtime="20220806 07:10:27.526"/>
</kw>
<test id="s1-t1" name="Right User Empty Password" line="9">
<kw name="Invalid Login">
<arg>admin@yourstore.com</arg>
<arg>${EMPTY}</arg>
<kw name="Input Username" library="login_resources">
<arg>${username}</arg>
<kw name="Input Text" library="SeleniumLibrary">
<arg>id:Email</arg>
<arg>${username}</arg>
<doc>Types the given ``text`` into the text field identified by ``locator``.</doc>
<msg timestamp="20220806 07:10:27.540" level="INFO">Typing text 'admin@yourstore.com' into text field 'id:Email'.</msg>
<status status="PASS" starttime="20220806 07:10:27.535" endtime="20220806 07:10:27.701"/>
</kw>
<status status="PASS" starttime="20220806 07:10:27.534" endtime="20220806 07:10:27.701"/>
</kw>
<kw name="Input Pwd" library="login_resources">
<arg>${password}</arg>
<kw name="Input Text" library="SeleniumLibrary">
<arg>id:Password</arg>
<arg>${password}</arg>
<doc>Types the given ``text`` into the text field identified by ``locator``.</doc>
<msg timestamp="20220806 07:10:27.702" level="INFO">Typing text '' into text field 'id:Password'.</msg>
<status status="PASS" starttime="20220806 07:10:27.702" endtime="20220806 07:10:27.798"/>
</kw>
<status status="PASS" starttime="20220806 07:10:27.701" endtime="20220806 07:10:27.798"/>
</kw>
<kw name="Click Login Button" library="login_resources">
<kw name="Click Element" library="SeleniumLibrary">
<arg>xpath://button[normalize-space()='Log in']</arg>
<doc>Click the element identified by ``locator``.</doc>
<msg timestamp="20220806 07:10:27.799" level="INFO">Clicking element 'xpath://button[normalize-space()='Log in']'.</msg>
<status status="PASS" starttime="20220806 07:10:27.798" endtime="20220806 07:10:28.263"/>
</kw>
<status status="PASS" starttime="20220806 07:10:27.798" endtime="20220806 07:10:28.264"/>
</kw>
<kw name="Error Message Should Be Visible" library="login_resources">
<kw name="Page Should Contain" library="SeleniumLibrary">
<arg>Login was unsuccessful</arg>
<doc>Verifies that current page contains ``text``.</doc>
<msg timestamp="20220806 07:10:28.282" level="INFO">Current page contains text 'Login was unsuccessful'.</msg>
<status status="PASS" starttime="20220806 07:10:28.265" endtime="20220806 07:10:28.282"/>
</kw>
<status status="PASS" starttime="20220806 07:10:28.264" endtime="20220806 07:10:28.283"/>
</kw>
<status status="PASS" starttime="20220806 07:10:27.531" endtime="20220806 07:10:28.283"/>
</kw>
<status status="PASS" starttime="20220806 07:10:27.528" endtime="20220806 07:10:28.283"/>
</test>
<test id="s1-t2" name="Right User Wrong Password" line="10">
<kw name="Invalid Login">
<arg>admin@yourstore.com</arg>
<arg>xyz</arg>
<kw name="Input Username" library="login_resources">
<arg>${username}</arg>
<kw name="Input Text" library="SeleniumLibrary">
<arg>id:Email</arg>
<arg>${username}</arg>
<doc>Types the given ``text`` into the text field identified by ``locator``.</doc>
<msg timestamp="20220806 07:10:28.287" level="INFO">Typing text 'admin@yourstore.com' into text field 'id:Email'.</msg>
<status status="PASS" starttime="20220806 07:10:28.286" endtime="20220806 07:10:28.398"/>
</kw>
<status status="PASS" starttime="20220806 07:10:28.285" endtime="20220806 07:10:28.398"/>
</kw>
<kw name="Input Pwd" library="login_resources">
<arg>${password}</arg>
<kw name="Input Text" library="SeleniumLibrary">
<arg>id:Password</arg>
<arg>${password}</arg>
<doc>Types the given ``text`` into the text field identified by ``locator``.</doc>
<msg timestamp="20220806 07:10:28.399" level="INFO">Typing text 'xyz' into text field 'id:Password'.</msg>
<status status="PASS" starttime="20220806 07:10:28.399" endtime="20220806 07:10:28.485"/>
</kw>
<status status="PASS" starttime="20220806 07:10:28.398" endtime="20220806 07:10:28.485"/>
</kw>
<kw name="Click Login Button" library="login_resources">
<kw name="Click Element" library="SeleniumLibrary">
<arg>xpath://button[normalize-space()='Log in']</arg>
<doc>Click the element identified by ``locator``.</doc>
<msg timestamp="20220806 07:10:28.486" level="INFO">Clicking element 'xpath://button[normalize-space()='Log in']'.</msg>
<status status="PASS" starttime="20220806 07:10:28.486" endtime="20220806 07:10:28.896"/>
</kw>
<status status="PASS" starttime="20220806 07:10:28.485" endtime="20220806 07:10:28.897"/>
</kw>
<kw name="Error Message Should Be Visible" library="login_resources">
<kw name="Page Should Contain" library="SeleniumLibrary">
<arg>Login was unsuccessful</arg>
<doc>Verifies that current page contains ``text``.</doc>
<msg timestamp="20220806 07:10:28.914" level="INFO">Current page contains text 'Login was unsuccessful'.</msg>
<status status="PASS" starttime="20220806 07:10:28.899" endtime="20220806 07:10:28.914"/>
</kw>
<status status="PASS" starttime="20220806 07:10:28.897" endtime="20220806 07:10:28.914"/>
</kw>
<status status="PASS" starttime="20220806 07:10:28.285" endtime="20220806 07:10:28.914"/>
</kw>
<status status="PASS" starttime="20220806 07:10:28.284" endtime="20220806 07:10:28.915"/>
</test>
<test id="s1-t3" name="Wrong User Right Password" line="11">
<kw name="Invalid Login">
<arg>adm@yourstore.com</arg>
<arg>admin</arg>
<kw name="Input Username" library="login_resources">
<arg>${username}</arg>
<kw name="Input Text" library="SeleniumLibrary">
<arg>id:Email</arg>
<arg>${username}</arg>
<doc>Types the given ``text`` into the text field identified by ``locator``.</doc>
<msg timestamp="20220806 07:10:28.918" level="INFO">Typing text 'adm@yourstore.com' into text field 'id:Email'.</msg>
<status status="PASS" starttime="20220806 07:10:28.918" endtime="20220806 07:10:29.028"/>
</kw>
<status status="PASS" starttime="20220806 07:10:28.917" endtime="20220806 07:10:29.029"/>
</kw>
<kw name="Input Pwd" library="login_resources">
<arg>${password}</arg>
<kw name="Input Text" library="SeleniumLibrary">
<arg>id:Password</arg>
<arg>${password}</arg>
<doc>Types the given ``text`` into the text field identified by ``locator``.</doc>
<msg timestamp="20220806 07:10:29.029" level="INFO">Typing text 'admin' into text field 'id:Password'.</msg>
<status status="PASS" starttime="20220806 07:10:29.029" endtime="20220806 07:10:29.127"/>
</kw>
<status status="PASS" starttime="20220806 07:10:29.029" endtime="20220806 07:10:29.127"/>
</kw>
<kw name="Click Login Button" library="login_resources">
<kw name="Click Element" library="SeleniumLibrary">
<arg>xpath://button[normalize-space()='Log in']</arg>
<doc>Click the element identified by ``locator``.</doc>
<msg timestamp="20220806 07:10:29.128" level="INFO">Clicking element 'xpath://button[normalize-space()='Log in']'.</msg>
<status status="PASS" starttime="20220806 07:10:29.128" endtime="20220806 07:10:29.529"/>
</kw>
<status status="PASS" starttime="20220806 07:10:29.127" endtime="20220806 07:10:29.530"/>
</kw>
<kw name="Error Message Should Be Visible" library="login_resources">
<kw name="Page Should Contain" library="SeleniumLibrary">
<arg>Login was unsuccessful</arg>
<doc>Verifies that current page contains ``text``.</doc>
<msg timestamp="20220806 07:10:29.547" level="INFO">Current page contains text 'Login was unsuccessful'.</msg>
<status status="PASS" starttime="20220806 07:10:29.531" endtime="20220806 07:10:29.548"/>
</kw>
<status status="PASS" starttime="20220806 07:10:29.530" endtime="20220806 07:10:29.548"/>
</kw>
<status status="PASS" starttime="20220806 07:10:28.917" endtime="20220806 07:10:29.548"/>
</kw>
<status status="PASS" starttime="20220806 07:10:28.916" endtime="20220806 07:10:29.548"/>
</test>
<test id="s1-t4" name="Wrong User Empty Password" line="12">
<kw name="Invalid Login">
<arg>adm@yourstore.com</arg>
<arg>${EMPTY}</arg>
<kw name="Input Username" library="login_resources">
<arg>${username}</arg>
<kw name="Input Text" library="SeleniumLibrary">
<arg>id:Email</arg>
<arg>${username}</arg>
<doc>Types the given ``text`` into the text field identified by ``locator``.</doc>
<msg timestamp="20220806 07:10:29.552" level="INFO">Typing text 'adm@yourstore.com' into text field 'id:Email'.</msg>
<status status="PASS" starttime="20220806 07:10:29.551" endtime="20220806 07:10:29.675"/>
</kw>
<status status="PASS" starttime="20220806 07:10:29.551" endtime="20220806 07:10:29.675"/>
</kw>
<kw name="Input Pwd" library="login_resources">
<arg>${password}</arg>
<kw name="Input Text" library="SeleniumLibrary">
<arg>id:Password</arg>
<arg>${password}</arg>
<doc>Types the given ``text`` into the text field identified by ``locator``.</doc>
<msg timestamp="20220806 07:10:29.676" level="INFO">Typing text '' into text field 'id:Password'.</msg>
<status status="PASS" starttime="20220806 07:10:29.676" endtime="20220806 07:10:29.759"/>
</kw>
<status status="PASS" starttime="20220806 07:10:29.675" endtime="20220806 07:10:29.760"/>
</kw>
<kw name="Click Login Button" library="login_resources">
<kw name="Click Element" library="SeleniumLibrary">
<arg>xpath://button[normalize-space()='Log in']</arg>
<doc>Click the element identified by ``locator``.</doc>
<msg timestamp="20220806 07:10:29.760" level="INFO">Clicking element 'xpath://button[normalize-space()='Log in']'.</msg>
<status status="PASS" starttime="20220806 07:10:29.760" endtime="20220806 07:10:30.188"/>
</kw>
<status status="PASS" starttime="20220806 07:10:29.760" endtime="20220806 07:10:30.188"/>
</kw>
<kw name="Error Message Should Be Visible" library="login_resources">
<kw name="Page Should Contain" library="SeleniumLibrary">
<arg>Login was unsuccessful</arg>
<doc>Verifies that current page contains ``text``.</doc>
<msg timestamp="20220806 07:10:30.206" level="INFO">Current page contains text 'Login was unsuccessful'.</msg>
<status status="PASS" starttime="20220806 07:10:30.190" endtime="20220806 07:10:30.207"/>
</kw>
<status status="PASS" starttime="20220806 07:10:30.188" endtime="20220806 07:10:30.209"/>
</kw>
<status status="PASS" starttime="20220806 07:10:29.550" endtime="20220806 07:10:30.210"/>
</kw>
<status status="PASS" starttime="20220806 07:10:29.550" endtime="20220806 07:10:30.212"/>
</test>
<test id="s1-t5" name="Wrong User Wrong Password" line="13">
<kw name="Invalid Login">
<arg>adm@yourstore.com</arg>
<arg>xyz</arg>
<kw name="Input Username" library="login_resources">
<arg>${username}</arg>
<kw name="Input Text" library="SeleniumLibrary">
<arg>id:Email</arg>
<arg>${username}</arg>
<doc>Types the given ``text`` into the text field identified by ``locator``.</doc>
<msg timestamp="20220806 07:10:30.214" level="INFO">Typing text 'adm@yourstore.com' into text field 'id:Email'.</msg>
<status status="PASS" starttime="20220806 07:10:30.214" endtime="20220806 07:10:30.338"/>
</kw>
<status status="PASS" starttime="20220806 07:10:30.214" endtime="20220806 07:10:30.338"/>
</kw>
<kw name="Input Pwd" library="login_resources">
<arg>${password}</arg>
<kw name="Input Text" library="SeleniumLibrary">
<arg>id:Password</arg>
<arg>${password}</arg>
<doc>Types the given ``text`` into the text field identified by ``locator``.</doc>
<msg timestamp="20220806 07:10:30.341" level="INFO">Typing text 'xyz' into text field 'id:Password'.</msg>
<status status="PASS" starttime="20220806 07:10:30.341" endtime="20220806 07:10:30.435"/>
</kw>
<status status="PASS" starttime="20220806 07:10:30.338" endtime="20220806 07:10:30.435"/>
</kw>
<kw name="Click Login Button" library="login_resources">
<kw name="Click Element" library="SeleniumLibrary">
<arg>xpath://button[normalize-space()='Log in']</arg>
<doc>Click the element identified by ``locator``.</doc>
<msg timestamp="20220806 07:10:30.436" level="INFO">Clicking element 'xpath://button[normalize-space()='Log in']'.</msg>
<status status="PASS" starttime="20220806 07:10:30.436" endtime="20220806 07:10:30.848"/>
</kw>
<status status="PASS" starttime="20220806 07:10:30.435" endtime="20220806 07:10:30.849"/>
</kw>
<kw name="Error Message Should Be Visible" library="login_resources">
<kw name="Page Should Contain" library="SeleniumLibrary">
<arg>Login was unsuccessful</arg>
<doc>Verifies that current page contains ``text``.</doc>
<msg timestamp="20220806 07:10:30.866" level="INFO">Current page contains text 'Login was unsuccessful'.</msg>
<status status="PASS" starttime="20220806 07:10:30.850" endtime="20220806 07:10:30.866"/>
</kw>
<status status="PASS" starttime="20220806 07:10:30.849" endtime="20220806 07:10:30.866"/>
</kw>
<status status="PASS" starttime="20220806 07:10:30.213" endtime="20220806 07:10:30.866"/>
</kw>
<status status="PASS" starttime="20220806 07:10:30.213" endtime="20220806 07:10:30.867"/>
</test>
<kw name="Close Browsers" library="login_resources" type="TEARDOWN">
<kw name="Close All Browsers" library="SeleniumLibrary">
<doc>Closes all open browsers and resets the browser cache.</doc>
<status status="PASS" starttime="20220806 07:10:30.869" endtime="20220806 07:10:33.073"/>
</kw>
<status status="PASS" starttime="20220806 07:10:30.868" endtime="20220806 07:10:33.073"/>
</kw>
<status status="PASS" starttime="20220806 07:10:23.368" endtime="20220806 07:10:33.074"/>
</suite>
<statistics>
<total>
<stat pass="5" fail="0" skip="0">All Tests</stat>
</total>
<tag>
</tag>
<suite>
<stat pass="5" fail="0" skip="0" id="s1" name="DDT1">DDT1</stat>
</suite>
</statistics>
<errors>
</errors>
</robot>
