<?xml version="1.0" encoding="UTF-8"?>
<robot generator="Robot 5.0.1 (Python 3.10.5 on win32)" generated="20220730 19:45:05.906" rpa="false" schemaversion="3">
<suite id="s1" name="Frames" source="C:\Users\irfandy4hmad\PycharmProjects\robotFrameworkPython\TestCases\frames.robot">
<test id="s1-t1" name="Testing Frames" line="9">
<kw name="Open Browser" library="SeleniumLibrary">
<arg>${url}</arg>
<arg>${browser}</arg>
<doc>Opens a new browser instance to the optional ``url``.</doc>
<msg timestamp="20220730 19:45:06.533" level="INFO">Opening browser 'chrome' to base url 'https://www.selenium.dev/selenium/docs/api/java/index.html?overview-summary.html'.</msg>
<status status="PASS" starttime="20220730 19:45:06.532" endtime="20220730 19:45:09.788"/>
</kw>
<kw name="Maximize Browser Window" library="SeleniumLibrary">
<doc>Maximizes current browser window.</doc>
<status status="PASS" starttime="20220730 19:45:09.790" endtime="20220730 19:45:09.971"/>
</kw>
<kw name="Select Frame" library="SeleniumLibrary">
<arg>packageListFrame</arg>
<doc>Sets frame identified by ``locator`` as the current frame.</doc>
<msg timestamp="20220730 19:45:09.973" level="INFO">Selecting frame 'packageListFrame'.</msg>
<status status="PASS" starttime="20220730 19:45:09.972" endtime="20220730 19:45:10.136"/>
</kw>
<kw name="Click Link" library="SeleniumLibrary">
<arg>org.openqa.selenium</arg>
<doc>Clicks a link identified by ``locator``.</doc>
<msg timestamp="20220730 19:45:10.137" level="INFO">Clicking link 'org.openqa.selenium'.</msg>
<status status="PASS" starttime="20220730 19:45:10.137" endtime="20220730 19:45:10.241"/>
</kw>
<kw name="Unselect Frame" library="SeleniumLibrary">
<doc>Sets the main frame as the current frame.</doc>
<status status="PASS" starttime="20220730 19:45:10.243" endtime="20220730 19:45:10.248"/>
</kw>
<kw name="Sleep" library="BuiltIn">
<arg>2</arg>
<doc>Pauses the test executed for the given time.</doc>
<msg timestamp="20220730 19:45:12.254" level="INFO">Slept 2 seconds</msg>
<status status="PASS" starttime="20220730 19:45:10.249" endtime="20220730 19:45:12.254"/>
</kw>
<kw name="Select Frame" library="SeleniumLibrary">
<arg>packageFrame</arg>
<doc>Sets frame identified by ``locator`` as the current frame.</doc>
<msg timestamp="20220730 19:45:12.256" level="INFO">Selecting frame 'packageFrame'.</msg>
<status status="PASS" starttime="20220730 19:45:12.255" endtime="20220730 19:45:12.321"/>
</kw>
<kw name="Click Link" library="SeleniumLibrary">
<arg>WebDriver</arg>
<doc>Clicks a link identified by ``locator``.</doc>
<msg timestamp="20220730 19:45:12.322" level="INFO">Clicking link 'WebDriver'.</msg>
<status status="PASS" starttime="20220730 19:45:12.321" endtime="20220730 19:45:12.458"/>
</kw>
<kw name="Unselect Frame" library="SeleniumLibrary">
<doc>Sets the main frame as the current frame.</doc>
<status status="PASS" starttime="20220730 19:45:12.460" endtime="20220730 19:45:12.472"/>
</kw>
<kw name="Sleep" library="BuiltIn">
<arg>2</arg>
<doc>Pauses the test executed for the given time.</doc>
<msg timestamp="20220730 19:45:14.486" level="INFO">Slept 2 seconds</msg>
<status status="PASS" starttime="20220730 19:45:12.475" endtime="20220730 19:45:14.486"/>
</kw>
<kw name="Select Frame" library="SeleniumLibrary">
<arg>classFrame</arg>
<doc>Sets frame identified by ``locator`` as the current frame.</doc>
<msg timestamp="20220730 19:45:14.487" level="INFO">Selecting frame 'classFrame'.</msg>
<status status="PASS" starttime="20220730 19:45:14.487" endtime="20220730 19:45:14.526"/>
</kw>
<kw name="Click Link" library="SeleniumLibrary">
<arg>Index</arg>
<doc>Clicks a link identified by ``locator``.</doc>
<msg timestamp="20220730 19:45:14.527" level="INFO">Clicking link 'Index'.</msg>
<status status="PASS" starttime="20220730 19:45:14.526" endtime="20220730 19:45:16.105"/>
</kw>
<kw name="Unselect Frame" library="SeleniumLibrary">
<doc>Sets the main frame as the current frame.</doc>
<status status="PASS" starttime="20220730 19:45:16.106" endtime="20220730 19:45:16.144"/>
</kw>
<kw name="Sleep" library="BuiltIn">
<arg>2</arg>
<doc>Pauses the test executed for the given time.</doc>
<msg timestamp="20220730 19:45:18.148" level="INFO">Slept 2 seconds</msg>
<status status="PASS" starttime="20220730 19:45:16.145" endtime="20220730 19:45:18.148"/>
</kw>
<kw name="Close Browser" library="SeleniumLibrary">
<doc>Closes the current browser.</doc>
<status status="PASS" starttime="20220730 19:45:18.149" endtime="20220730 19:45:20.404"/>
</kw>
<status status="PASS" starttime="20220730 19:45:06.530" endtime="20220730 19:45:20.406"/>
</test>
<status status="PASS" starttime="20220730 19:45:05.909" endtime="20220730 19:45:20.410"/>
</suite>
<statistics>
<total>
<stat pass="1" fail="0" skip="0">All Tests</stat>
</total>
<tag>
</tag>
<suite>
<stat pass="1" fail="0" skip="0" id="s1" name="Frames">Frames</stat>
</suite>
</statistics>
<errors>
</errors>
</robot>
