<?xml version="1.0" encoding="UTF-8"?>
<robot generator="Robot 5.0.1 (Python 3.10.5 on win32)" generated="20220730 17:54:00.370" rpa="false" schemaversion="3">
<suite id="s1" name="closeAll" source="C:\Users\irfandy4hmad\PycharmProjects\robotFrameworkPython\TestCases\closeAll.robot">
<test id="s1-t1" name="MyTestCase" line="7">
<kw name="Open Browser" library="SeleniumLibrary">
<arg>http://demowebshop.tricentis.com/register</arg>
<arg>chrome</arg>
<doc>Opens a new browser instance to the optional ``url``.</doc>
<msg timestamp="20220730 17:54:01.006" level="INFO">Opening browser 'chrome' to base url 'http://demowebshop.tricentis.com/register'.</msg>
<status status="PASS" starttime="20220730 17:54:01.005" endtime="20220730 17:54:04.763"/>
</kw>
<kw name="Maximize Browser Window" library="SeleniumLibrary">
<doc>Maximizes current browser window.</doc>
<status status="PASS" starttime="20220730 17:54:04.763" endtime="20220730 17:54:04.886"/>
</kw>
<kw name="Open Browser" library="SeleniumLibrary">
<arg>https://testautomationpractice.blogspot.com/</arg>
<arg>chrome</arg>
<doc>Opens a new browser instance to the optional ``url``.</doc>
<msg timestamp="20220730 17:54:04.889" level="INFO">Opening browser 'chrome' to base url 'https://testautomationpractice.blogspot.com/'.</msg>
<status status="PASS" starttime="20220730 17:54:04.888" endtime="20220730 17:54:10.945"/>
</kw>
<kw name="Maximize Browser Window" library="SeleniumLibrary">
<doc>Maximizes current browser window.</doc>
<status status="PASS" starttime="20220730 17:54:10.946" endtime="20220730 17:54:11.081"/>
</kw>
<kw name="Close All Browsers" library="SeleniumLibrary">
<doc>Closes all open browsers and resets the browser cache.</doc>
<status status="PASS" starttime="20220730 17:54:11.081" endtime="20220730 17:54:15.674"/>
</kw>
<status status="PASS" starttime="20220730 17:54:01.004" endtime="20220730 17:54:15.675"/>
</test>
<status status="PASS" starttime="20220730 17:54:00.373" endtime="20220730 17:54:15.677"/>
</suite>
<statistics>
<total>
<stat pass="1" fail="0" skip="0">All Tests</stat>
</total>
<tag>
</tag>
<suite>
<stat pass="1" fail="0" skip="0" id="s1" name="closeAll">closeAll</stat>
</suite>
</statistics>
<errors>
</errors>
</robot>
