<?xml version="1.0" encoding="UTF-8"?>
<robot generator="Robot 5.0.1 (Python 3.10.5 on win32)" generated="20220805 15:09:11.658" rpa="false" schemaversion="3">
<suite id="s1" name="scrollingPage" source="C:\Users\irfandy4hmad\PycharmProjects\robotFrameworkPython\TestCases\scrollingPage.robot">
<test id="s1-t1" name="ScrollingTest" line="5">
<kw name="Open Browser" library="SeleniumLibrary">
<arg>https://www.countries-ofthe-world.com/flags-of-the-world.html</arg>
<arg>chrome</arg>
<doc>Opens a new browser instance to the optional ``url``.</doc>
<msg timestamp="20220805 15:09:12.159" level="INFO">Opening browser 'chrome' to base url 'https://www.countries-ofthe-world.com/flags-of-the-world.html'.</msg>
<status status="PASS" starttime="20220805 15:09:12.159" endtime="20220805 15:09:16.089"/>
</kw>
<kw name="Maximize Browser Window" library="SeleniumLibrary">
<doc>Maximizes current browser window.</doc>
<status status="PASS" starttime="20220805 15:09:16.090" endtime="20220805 15:09:16.250"/>
</kw>
<kw name="Execute Javascript" library="SeleniumLibrary">
<arg>window.scrollTo(0, document.body.scrollHeight)</arg>
<doc>Executes the given JavaScript code with possible arguments.</doc>
<msg timestamp="20220805 15:09:16.252" level="INFO">Executing JavaScript:
window.scrollTo(0, document.body.scrollHeight)
Without any arguments.</msg>
<status status="PASS" starttime="20220805 15:09:16.251" endtime="20220805 15:09:16.282"/>
</kw>
<kw name="Sleep" library="BuiltIn">
<arg>2</arg>
<doc>Pauses the test executed for the given time.</doc>
<msg timestamp="20220805 15:09:18.289" level="INFO">Slept 2 seconds</msg>
<status status="PASS" starttime="20220805 15:09:16.282" endtime="20220805 15:09:18.289"/>
</kw>
<kw name="Execute Javascript" library="SeleniumLibrary">
<arg>window.scrollTo(0, -document.body.scrollHeight)</arg>
<doc>Executes the given JavaScript code with possible arguments.</doc>
<msg timestamp="20220805 15:09:18.290" level="INFO">Executing JavaScript:
window.scrollTo(0, -document.body.scrollHeight)
Without any arguments.</msg>
<status status="PASS" starttime="20220805 15:09:18.290" endtime="20220805 15:09:18.301"/>
</kw>
<status status="PASS" starttime="20220805 15:09:12.157" endtime="20220805 15:09:18.301"/>
</test>
<status status="PASS" starttime="20220805 15:09:11.661" endtime="20220805 15:09:18.303"/>
</suite>
<statistics>
<total>
<stat pass="1" fail="0" skip="0">All Tests</stat>
</total>
<tag>
</tag>
<suite>
<stat pass="1" fail="0" skip="0" id="s1" name="scrollingPage">scrollingPage</stat>
</suite>
</statistics>
<errors>
</errors>
</robot>
