<?xml version="1.0" encoding="UTF-8"?>
<robot generator="Robot 5.0.1 (Python 3.10.5 on win32)" generated="20220806 17:24:39.224" rpa="false" schemaversion="3">
<suite id="s1" name="Suites">
<suite id="s1-s1" name="TC02 loginTest" source="C:\Users\irfandy4hmad\PycharmProjects\robotFrameworkPython\TestCases\TC02_loginTest.robot">
<test id="s1-s1-t1" name="LoginTest" line="12">
<kw name="Open MyBrowser" library="LoginKeywords">
<arg>${url}</arg>
<arg>${browser}</arg>
<kw name="Open Browser" library="SeleniumLibrary">
<arg>${siteURL}</arg>
<arg>${browser}</arg>
<doc>Opens a new browser instance to the optional ``url``.</doc>
<msg timestamp="20220806 17:24:39.537" level="INFO">Opening browser 'chrome' to base url 'https://demo.nopcommerce.com/login'.</msg>
<status status="PASS" starttime="20220806 17:24:39.537" endtime="20220806 17:24:42.507"/>
</kw>
<kw name="Maximize Browser Window" library="SeleniumLibrary">
<doc>Maximizes current browser window.</doc>
<status status="PASS" starttime="20220806 17:24:42.507" endtime="20220806 17:24:42.628"/>
</kw>
<status status="PASS" starttime="20220806 17:24:39.536" endtime="20220806 17:24:42.628"/>
</kw>
<kw name="Enter Username" library="LoginKeywords">
<arg>${user}</arg>
<msg timestamp="20220806 17:24:42.628" level="FAIL">Variable '${user}' not found.</msg>
<status status="FAIL" starttime="20220806 17:24:42.628" endtime="20220806 17:24:42.628"/>
</kw>
<kw name="Enter Password" library="LoginKeywords">
<arg>${pwd}</arg>
<status status="NOT RUN" starttime="20220806 17:24:42.628" endtime="20220806 17:24:42.628"/>
</kw>
<kw name="Click Login" library="LoginKeywords">
<status status="NOT RUN" starttime="20220806 17:24:42.628" endtime="20220806 17:24:42.628"/>
</kw>
<kw name="Verify Successful Login" library="LoginKeywords">
<status status="NOT RUN" starttime="20220806 17:24:42.628" endtime="20220806 17:24:42.628"/>
</kw>
<kw name="Close MyBrowsers" library="LoginKeywords">
<status status="NOT RUN" starttime="20220806 17:24:42.628" endtime="20220806 17:24:42.628"/>
</kw>
<status status="FAIL" starttime="20220806 17:24:39.535" endtime="20220806 17:24:42.628">Variable '${user}' not found.</status>
</test>
<status status="FAIL" starttime="20220806 17:24:39.264" endtime="20220806 17:24:42.628"/>
</suite>
<status status="FAIL" starttime="20220806 17:24:39.241" endtime="20220806 17:24:42.628"/>
</suite>
<statistics>
<total>
<stat pass="0" fail="1" skip="0">All Tests</stat>
</total>
<tag>
</tag>
<suite>
<stat pass="0" fail="1" skip="0" id="s1" name="Suites">Suites</stat>
<stat pass="0" fail="1" skip="0" id="s1-s1" name="TC02 loginTest">Suites.TC02 loginTest</stat>
</suite>
</statistics>
<errors>
<msg timestamp="20220806 17:24:39.519" level="ERROR">Error in file 'C:\Users\irfandy4hmad\PycharmProjects\robotFrameworkPython\TestCases\TC02_loginTest.robot' on line 8: Setting variable '${user}' failed: Variable '${EMAIL}' not found. Did you mean:
    ${txt_email}</msg>
</errors>
</robot>
