<?xml version="1.0" encoding="UTF-8"?>
<robot generator="Robot 5.0.1 (Python 3.10.5 on win32)" generated="20220806 17:58:11.246" rpa="false" schemaversion="3">
<suite id="s1" name="TC01 registrationTest &amp; TC02 loginTest">
<suite id="s1-s1" name="TC01 registrationTest" source="C:\Users\irfandy4hmad\PycharmProjects\robotFrameworkPython\TestCases\TC01_registrationTest.robot">
<test id="s1-s1-t1" name="RegistrationTest" line="10">
<kw name="Generate Random Email" library="RegistrationKeywords">
<var>${EMAIL}</var>
<kw name="Generate Random String" library="String">
<var>${random}</var>
<arg>8</arg>
<arg>[LETTERS]</arg>
<doc>Generates a string with a desired ``length`` from the given ``chars``.</doc>
<msg timestamp="20220806 17:58:11.817" level="INFO">${random} = oGZvovti</msg>
<status status="PASS" starttime="20220806 17:58:11.816" endtime="20220806 17:58:11.817"/>
</kw>
<kw name="Set Variable" library="BuiltIn">
<var>${domain}</var>
<arg>@abcmail.com</arg>
<doc>Returns the given values which can then be assigned to a variables.</doc>
<msg timestamp="20220806 17:58:11.817" level="INFO">${domain} = @abcmail.com</msg>
<status status="PASS" starttime="20220806 17:58:11.817" endtime="20220806 17:58:11.817"/>
</kw>
<kw name="Set Variable" library="BuiltIn">
<var>${email}</var>
<arg>${random}${domain}</arg>
<doc>Returns the given values which can then be assigned to a variables.</doc>
<msg timestamp="20220806 17:58:11.818" level="INFO">${email} = oGZvovti@abcmail.com</msg>
<status status="PASS" starttime="20220806 17:58:11.817" endtime="20220806 17:58:11.818"/>
</kw>
<kw name="Log To Console" library="BuiltIn">
<arg>${email}</arg>
<doc>Logs the given message to the console.</doc>
<status status="PASS" starttime="20220806 17:58:11.819" endtime="20220806 17:58:11.820"/>
</kw>
<msg timestamp="20220806 17:58:11.821" level="INFO">${EMAIL} = oGZvovti@abcmail.com</msg>
<status status="PASS" starttime="20220806 17:58:11.816" endtime="20220806 17:58:11.821"/>
</kw>
<kw name="Set Global Variable" library="BuiltIn">
<arg>${EMAIL}</arg>
<doc>Makes a variable available globally in all tests and suites.</doc>
<msg timestamp="20220806 17:58:11.826" level="INFO">${EMAIL} = oGZvovti@abcmail.com</msg>
<status status="PASS" starttime="20220806 17:58:11.825" endtime="20220806 17:58:11.826"/>
</kw>
<kw name="Open MyBrowser" library="RegistrationKeywords">
<arg>${url}</arg>
<arg>${browser}</arg>
<kw name="Open Browser" library="SeleniumLibrary">
<arg>${siteURL}</arg>
<arg>${browser}</arg>
<doc>Opens a new browser instance to the optional ``url``.</doc>
<msg timestamp="20220806 17:58:11.835" level="INFO">Opening browser 'headlesschrome' to base url 'https://demo.nopcommerce.com/login'.</msg>
<status status="PASS" starttime="20220806 17:58:11.834" endtime="20220806 17:58:14.693"/>
</kw>
<kw name="Maximize Browser Window" library="SeleniumLibrary">
<doc>Maximizes current browser window.</doc>
<status status="PASS" starttime="20220806 17:58:14.693" endtime="20220806 17:58:14.806"/>
</kw>
<status status="PASS" starttime="20220806 17:58:11.833" endtime="20220806 17:58:14.806"/>
</kw>
<kw name="Click Register Link" library="RegistrationKeywords">
<kw name="Wait Until Page Contains" library="SeleniumLibrary">
<arg>Register</arg>
<doc>Waits until ``text`` appears on the current page.</doc>
<status status="PASS" starttime="20220806 17:58:14.807" endtime="20220806 17:58:14.823"/>
</kw>
<kw name="Click Link" library="SeleniumLibrary">
<arg>${link_register}</arg>
<doc>Clicks a link identified by ``locator``.</doc>
<msg timestamp="20220806 17:58:14.824" level="INFO">Clicking link 'xpath://a[normalize-space()='Register']'.</msg>
<status status="PASS" starttime="20220806 17:58:14.823" endtime="20220806 17:58:15.333"/>
</kw>
<status status="PASS" starttime="20220806 17:58:14.806" endtime="20220806 17:58:15.333"/>
</kw>
<kw name="Enter Firstname" library="RegistrationKeywords">
<arg>Satoru</arg>
<kw name="Input Text" library="SeleniumLibrary">
<arg>${txt_firstName}</arg>
<arg>${firstName}</arg>
<doc>Types the given ``text`` into the text field identified by ``locator``.</doc>
<msg timestamp="20220806 17:58:15.335" level="INFO">Typing text 'Satoru' into text field 'name:FirstName'.</msg>
<status status="PASS" starttime="20220806 17:58:15.334" endtime="20220806 17:58:15.437"/>
</kw>
<status status="PASS" starttime="20220806 17:58:15.334" endtime="20220806 17:58:15.438"/>
</kw>
<kw name="Enter Lastname" library="RegistrationKeywords">
<arg>Gojo</arg>
<kw name="Input Text" library="SeleniumLibrary">
<arg>${txt_lastName}</arg>
<arg>${lastName}</arg>
<doc>Types the given ``text`` into the text field identified by ``locator``.</doc>
<msg timestamp="20220806 17:58:15.439" level="INFO">Typing text 'Gojo' into text field 'name:LastName'.</msg>
<status status="PASS" starttime="20220806 17:58:15.439" endtime="20220806 17:58:15.542"/>
</kw>
<status status="PASS" starttime="20220806 17:58:15.438" endtime="20220806 17:58:15.542"/>
</kw>
<kw name="Enter Email" library="RegistrationKeywords">
<arg>${EMAIL}</arg>
<kw name="Input Text" library="SeleniumLibrary">
<arg>${txt_email}</arg>
<arg>${email}</arg>
<doc>Types the given ``text`` into the text field identified by ``locator``.</doc>
<msg timestamp="20220806 17:58:15.544" level="INFO">Typing text 'oGZvovti@abcmail.com' into text field 'name:Email'.</msg>
<status status="PASS" starttime="20220806 17:58:15.543" endtime="20220806 17:58:15.659"/>
</kw>
<status status="PASS" starttime="20220806 17:58:15.543" endtime="20220806 17:58:15.659"/>
</kw>
<kw name="Select Gender Male" library="RegistrationKeywords">
<kw name="Click Element" library="SeleniumLibrary">
<arg>${rdBtn_male}</arg>
<doc>Click the element identified by ``locator``.</doc>
<msg timestamp="20220806 17:58:15.661" level="INFO">Clicking element 'id:gender-male'.</msg>
<status status="PASS" starttime="20220806 17:58:15.660" endtime="20220806 17:58:15.719"/>
</kw>
<status status="PASS" starttime="20220806 17:58:15.660" endtime="20220806 17:58:15.719"/>
</kw>
<kw name="Select Day" library="RegistrationKeywords">
<arg>7</arg>
<kw name="Select From List By Label" library="SeleniumLibrary">
<arg>${drp_dobday}</arg>
<arg>${day}</arg>
<doc>Selects options from selection list ``locator`` by ``labels``.</doc>
<msg timestamp="20220806 17:58:15.721" level="INFO">Selecting options from selection list 'name:DateOfBirthDay' by label 7.</msg>
<status status="PASS" starttime="20220806 17:58:15.720" endtime="20220806 17:58:15.813"/>
</kw>
<status status="PASS" starttime="20220806 17:58:15.720" endtime="20220806 17:58:15.813"/>
</kw>
<kw name="Select Month" library="RegistrationKeywords">
<arg>December</arg>
<kw name="Select From List By Label" library="SeleniumLibrary">
<arg>${drp_dobMonth}</arg>
<arg>${month}</arg>
<doc>Selects options from selection list ``locator`` by ``labels``.</doc>
<msg timestamp="20220806 17:58:15.815" level="INFO">Selecting options from selection list 'name:DateOfBirthMonth' by label December.</msg>
<status status="PASS" starttime="20220806 17:58:15.815" endtime="20220806 17:58:15.904"/>
</kw>
<status status="PASS" starttime="20220806 17:58:15.814" endtime="20220806 17:58:15.904"/>
</kw>
<kw name="Select Year" library="RegistrationKeywords">
<arg>1989</arg>
<kw name="Select From List By Label" library="SeleniumLibrary">
<arg>${drp_dobYear}</arg>
<arg>${year}</arg>
<doc>Selects options from selection list ``locator`` by ``labels``.</doc>
<msg timestamp="20220806 17:58:15.905" level="INFO">Selecting options from selection list 'name:DateOfBirthYear' by label 1989.</msg>
<status status="PASS" starttime="20220806 17:58:15.905" endtime="20220806 17:58:15.993"/>
</kw>
<status status="PASS" starttime="20220806 17:58:15.905" endtime="20220806 17:58:15.994"/>
</kw>
<kw name="Enter Company" library="RegistrationKeywords">
<arg>jujutsu kaisen</arg>
<kw name="Input Text" library="SeleniumLibrary">
<arg>${txt_company}</arg>
<arg>${company}</arg>
<doc>Types the given ``text`` into the text field identified by ``locator``.</doc>
<msg timestamp="20220806 17:58:15.996" level="INFO">Typing text 'jujutsu kaisen' into text field 'name:Company'.</msg>
<status status="PASS" starttime="20220806 17:58:15.995" endtime="20220806 17:58:16.116"/>
</kw>
<status status="PASS" starttime="20220806 17:58:15.994" endtime="20220806 17:58:16.117"/>
</kw>
<kw name="Enter Password" library="RegistrationKeywords">
<arg>password123</arg>
<kw name="Input Text" library="SeleniumLibrary">
<arg>${txt_password}</arg>
<arg>${password}</arg>
<doc>Types the given ``text`` into the text field identified by ``locator``.</doc>
<msg timestamp="20220806 17:58:16.119" level="INFO">Typing text 'password123' into text field 'name:Password'.</msg>
<status status="PASS" starttime="20220806 17:58:16.118" endtime="20220806 17:58:16.235"/>
</kw>
<status status="PASS" starttime="20220806 17:58:16.117" endtime="20220806 17:58:16.236"/>
</kw>
<kw name="Enter Confirm Password" library="RegistrationKeywords">
<arg>password123</arg>
<kw name="Input Text" library="SeleniumLibrary">
<arg>${txt_confirmPassword}</arg>
<arg>${confirmPassword}</arg>
<doc>Types the given ``text`` into the text field identified by ``locator``.</doc>
<msg timestamp="20220806 17:58:16.238" level="INFO">Typing text 'password123' into text field 'name:ConfirmPassword'.</msg>
<status status="PASS" starttime="20220806 17:58:16.237" endtime="20220806 17:58:16.351"/>
</kw>
<status status="PASS" starttime="20220806 17:58:16.236" endtime="20220806 17:58:16.352"/>
</kw>
<kw name="Click Register Button" library="RegistrationKeywords">
<kw name="Click Button" library="SeleniumLibrary">
<arg>${btn_register}</arg>
<doc>Clicks the button identified by ``locator``.</doc>
<msg timestamp="20220806 17:58:16.353" level="INFO">Clicking button 'id:register-button'.</msg>
<status status="PASS" starttime="20220806 17:58:16.353" endtime="20220806 17:58:17.195"/>
</kw>
<status status="PASS" starttime="20220806 17:58:16.352" endtime="20220806 17:58:17.195"/>
</kw>
<kw name="Verify Successful Registration" library="RegistrationKeywords">
<kw name="Page Should Contain" library="SeleniumLibrary">
<arg>Your registration completed</arg>
<doc>Verifies that current page contains ``text``.</doc>
<msg timestamp="20220806 17:58:17.214" level="INFO">Current page contains text 'Your registration completed'.</msg>
<status status="PASS" starttime="20220806 17:58:17.196" endtime="20220806 17:58:17.214"/>
</kw>
<status status="PASS" starttime="20220806 17:58:17.196" endtime="20220806 17:58:17.214"/>
</kw>
<kw name="Close MyBrowsers" library="RegistrationKeywords">
<kw name="Close All Browsers" library="SeleniumLibrary">
<doc>Closes all open browsers and resets the browser cache.</doc>
<status status="PASS" starttime="20220806 17:58:17.215" endtime="20220806 17:58:19.308"/>
</kw>
<status status="PASS" starttime="20220806 17:58:17.215" endtime="20220806 17:58:19.309"/>
</kw>
<status status="PASS" starttime="20220806 17:58:11.814" endtime="20220806 17:58:19.311"/>
</test>
<status status="PASS" starttime="20220806 17:58:11.278" endtime="20220806 17:58:19.317"/>
</suite>
<suite id="s1-s2" name="TC02 loginTest" source="C:\Users\irfandy4hmad\PycharmProjects\robotFrameworkPython\TestCases\TC02_loginTest.robot">
<test id="s1-s2-t1" name="LoginTest" line="12">
<kw name="Open MyBrowser" library="LoginKeywords">
<arg>${url}</arg>
<arg>${browser}</arg>
<kw name="Open Browser" library="SeleniumLibrary">
<arg>${siteURL}</arg>
<arg>${browser}</arg>
<doc>Opens a new browser instance to the optional ``url``.</doc>
<msg timestamp="20220806 17:58:19.351" level="INFO">Opening browser 'headlessfirefox' to base url 'https://demo.nopcommerce.com/login'.</msg>
<msg timestamp="20220806 17:58:19.362" level="INFO">Firefox driver log is always forced to to: C:\Users\irfandy4hmad\PycharmProjects\robotFrameworkPython\Results\geckodriver-1.log</msg>
<status status="PASS" starttime="20220806 17:58:19.350" endtime="20220806 17:58:26.545"/>
</kw>
<kw name="Maximize Browser Window" library="SeleniumLibrary">
<doc>Maximizes current browser window.</doc>
<status status="PASS" starttime="20220806 17:58:26.545" endtime="20220806 17:58:26.545"/>
</kw>
<status status="PASS" starttime="20220806 17:58:19.349" endtime="20220806 17:58:26.545"/>
</kw>
<kw name="Enter Username" library="LoginKeywords">
<arg>${user}</arg>
<kw name="Input Text" library="SeleniumLibrary">
<arg>${txt_loginusername}</arg>
<arg>${username}</arg>
<doc>Types the given ``text`` into the text field identified by ``locator``.</doc>
<msg timestamp="20220806 17:58:26.545" level="INFO">Typing text 'oGZvovti@abcmail.com' into text field 'name:Email'.</msg>
<status status="PASS" starttime="20220806 17:58:26.545" endtime="20220806 17:58:26.653"/>
</kw>
<status status="PASS" starttime="20220806 17:58:26.545" endtime="20220806 17:58:26.653"/>
</kw>
<kw name="Enter Password" library="LoginKeywords">
<arg>${pwd}</arg>
<kw name="Input Text" library="SeleniumLibrary">
<arg>${txt_loginPassword}</arg>
<arg>${password}</arg>
<doc>Types the given ``text`` into the text field identified by ``locator``.</doc>
<msg timestamp="20220806 17:58:26.656" level="INFO">Typing text 'password123' into text field 'name:Password'.</msg>
<status status="PASS" starttime="20220806 17:58:26.655" endtime="20220806 17:58:26.697"/>
</kw>
<status status="PASS" starttime="20220806 17:58:26.654" endtime="20220806 17:58:26.697"/>
</kw>
<kw name="Click Login" library="LoginKeywords">
<kw name="Click Button" library="SeleniumLibrary">
<arg>${btn_login}</arg>
<doc>Clicks the button identified by ``locator``.</doc>
<msg timestamp="20220806 17:58:26.699" level="INFO">Clicking button 'xpath://button[normalize-space()='Log in']'.</msg>
<status status="PASS" starttime="20220806 17:58:26.698" endtime="20220806 17:58:27.519"/>
</kw>
<status status="PASS" starttime="20220806 17:58:26.698" endtime="20220806 17:58:27.519"/>
</kw>
<kw name="Verify Successful Login" library="LoginKeywords">
<kw name="Title Should Be" library="SeleniumLibrary">
<arg>nopCommerce demo store</arg>
<doc>Verifies that the current page title equals ``title``.</doc>
<msg timestamp="20220806 17:58:27.524" level="INFO">Page title is 'nopCommerce demo store'.</msg>
<status status="PASS" starttime="20220806 17:58:27.521" endtime="20220806 17:58:27.524"/>
</kw>
<status status="PASS" starttime="20220806 17:58:27.520" endtime="20220806 17:58:27.525"/>
</kw>
<kw name="Close MyBrowsers" library="LoginKeywords">
<kw name="Close All Browsers" library="SeleniumLibrary">
<doc>Closes all open browsers and resets the browser cache.</doc>
<status status="PASS" starttime="20220806 17:58:27.527" endtime="20220806 17:58:28.580"/>
</kw>
<status status="PASS" starttime="20220806 17:58:27.526" endtime="20220806 17:58:28.580"/>
</kw>
<status status="PASS" starttime="20220806 17:58:19.348" endtime="20220806 17:58:28.580"/>
</test>
<status status="PASS" starttime="20220806 17:58:19.324" endtime="20220806 17:58:28.580"/>
</suite>
<status status="PASS" starttime="20220806 17:58:11.248" endtime="20220806 17:58:28.580"/>
</suite>
<statistics>
<total>
<stat pass="2" fail="0" skip="0">All Tests</stat>
</total>
<tag>
</tag>
<suite>
<stat pass="2" fail="0" skip="0" id="s1" name="TC01 registrationTest &amp; TC02 loginTest">TC01 registrationTest &amp; TC02 loginTest</stat>
<stat pass="1" fail="0" skip="0" id="s1-s1" name="TC01 registrationTest">TC01 registrationTest &amp; TC02 loginTest.TC01 registrationTest</stat>
<stat pass="1" fail="0" skip="0" id="s1-s2" name="TC02 loginTest">TC01 registrationTest &amp; TC02 loginTest.TC02 loginTest</stat>
</suite>
</statistics>
<errors>
</errors>
</robot>
